INFO - 2024-07-08 08:02:34 --> Session: Class initialized using 'CodeIgniter\Session\Handlers\FileHandler' driver.
INFO - 2024-07-08 08:15:36 --> Session: Class initialized using 'CodeIgniter\Session\Handlers\FileHandler' driver.
INFO - 2024-07-08 08:15:37 --> Session: Class initialized using 'CodeIgniter\Session\Handlers\FileHandler' driver.
INFO - 2024-07-08 08:15:42 --> Session: Class initialized using 'CodeIgniter\Session\Handlers\FileHandler' driver.
ERROR - 2024-07-08 08:15:42 --> mysqli_sql_exception: Table 'admin_dashboard.users' doesn't exist in engine in C:\xampp\htdocs\lndgpgms\system\Database\MySQLi\Connection.php:312
Stack trace:
#0 C:\xampp\htdocs\lndgpgms\system\Database\MySQLi\Connection.php(312): mysqli->query('SELECT *\nFROM `...', 0)
#1 C:\xampp\htdocs\lndgpgms\system\Database\BaseConnection.php(734): CodeIgniter\Database\MySQLi\Connection->execute('SELECT *\nFROM `...')
#2 C:\xampp\htdocs\lndgpgms\system\Database\BaseConnection.php(648): CodeIgniter\Database\BaseConnection->simpleQuery('SELECT *\nFROM `...')
#3 C:\xampp\htdocs\lndgpgms\system\Database\BaseBuilder.php(1636): CodeIgniter\Database\BaseConnection->query('SELECT *\nFROM `...', Array, false)
#4 C:\xampp\htdocs\lndgpgms\system\Model.php(330): CodeIgniter\Database\BaseBuilder->get()
#5 C:\xampp\htdocs\lndgpgms\system\BaseModel.php(714): CodeIgniter\Model->doFirst()
#6 C:\xampp\htdocs\lndgpgms\app\Controllers\LoginController.php(22): CodeIgniter\BaseModel->first()
#7 C:\xampp\htdocs\lndgpgms\system\CodeIgniter.php(933): App\Controllers\LoginController->auth()
#8 C:\xampp\htdocs\lndgpgms\system\CodeIgniter.php(509): CodeIgniter\CodeIgniter->runController(Object(App\Controllers\LoginController))
#9 C:\xampp\htdocs\lndgpgms\system\CodeIgniter.php(355): CodeIgniter\CodeIgniter->handleRequest(NULL, Object(Config\Cache), false)
#10 C:\xampp\htdocs\lndgpgms\system\Boot.php(325): CodeIgniter\CodeIgniter->run()
#11 C:\xampp\htdocs\lndgpgms\system\Boot.php(67): CodeIgniter\Boot::runCodeIgniter(Object(CodeIgniter\CodeIgniter))
#12 C:\xampp\htdocs\lndgpgms\public\index.php(56): CodeIgniter\Boot::bootWeb(Object(Config\Paths))
#13 C:\xampp\htdocs\lndgpgms\system\rewrite.php(44): require_once('C:\\xampp\\htdocs...')
#14 {main}
CRITICAL - 2024-07-08 08:15:42 --> CodeIgniter\Database\Exceptions\DatabaseException: Table 'admin_dashboard.users' doesn't exist in engine
[Method: POST, Route: login/auth]
in SYSTEMPATH\Database\BaseConnection.php on line 688.
 1 SYSTEMPATH\Database\BaseBuilder.php(1636): CodeIgniter\Database\BaseConnection->query('SELECT *
FROM `users`
WHERE `username` = :username:
 LIMIT 1', [...], false)
 2 SYSTEMPATH\Model.php(330): CodeIgniter\Database\BaseBuilder->get()
 3 SYSTEMPATH\BaseModel.php(714): CodeIgniter\Model->doFirst()
 4 APPPATH\Controllers\LoginController.php(22): CodeIgniter\BaseModel->first()
 5 SYSTEMPATH\CodeIgniter.php(933): App\Controllers\LoginController->auth()
 6 SYSTEMPATH\CodeIgniter.php(509): CodeIgniter\CodeIgniter->runController(Object(App\Controllers\LoginController))
 7 SYSTEMPATH\CodeIgniter.php(355): CodeIgniter\CodeIgniter->handleRequest(null, Object(Config\Cache), false)
 8 SYSTEMPATH\Boot.php(325): CodeIgniter\CodeIgniter->run()
 9 SYSTEMPATH\Boot.php(67): CodeIgniter\Boot::runCodeIgniter(Object(CodeIgniter\CodeIgniter))
10 FCPATH\index.php(56): CodeIgniter\Boot::bootWeb(Object(Config\Paths))
11 SYSTEMPATH\rewrite.php(44): require_once('C:\\xampp\\htdocs\\lndgpgms\\public\\index.php')
CRITICAL - 2024-07-08 08:15:42 --> [Caused by] CodeIgniter\Database\Exceptions\DatabaseException: Table 'admin_dashboard.users' doesn't exist in engine
in SYSTEMPATH\Database\MySQLi\Connection.php on line 317.
 1 SYSTEMPATH\Database\BaseConnection.php(734): CodeIgniter\Database\MySQLi\Connection->execute('SELECT *
FROM `users`
WHERE `username` = \'admin\'
 LIMIT 1')
 2 SYSTEMPATH\Database\BaseConnection.php(648): CodeIgniter\Database\BaseConnection->simpleQuery('SELECT *
FROM `users`
WHERE `username` = \'admin\'
 LIMIT 1')
 3 SYSTEMPATH\Database\BaseBuilder.php(1636): CodeIgniter\Database\BaseConnection->query('SELECT *
FROM `users`
WHERE `username` = :username:
 LIMIT 1', [...], false)
 4 SYSTEMPATH\Model.php(330): CodeIgniter\Database\BaseBuilder->get()
 5 SYSTEMPATH\BaseModel.php(714): CodeIgniter\Model->doFirst()
 6 APPPATH\Controllers\LoginController.php(22): CodeIgniter\BaseModel->first()
 7 SYSTEMPATH\CodeIgniter.php(933): App\Controllers\LoginController->auth()
 8 SYSTEMPATH\CodeIgniter.php(509): CodeIgniter\CodeIgniter->runController(Object(App\Controllers\LoginController))
 9 SYSTEMPATH\CodeIgniter.php(355): CodeIgniter\CodeIgniter->handleRequest(null, Object(Config\Cache), false)
10 SYSTEMPATH\Boot.php(325): CodeIgniter\CodeIgniter->run()
11 SYSTEMPATH\Boot.php(67): CodeIgniter\Boot::runCodeIgniter(Object(CodeIgniter\CodeIgniter))
12 FCPATH\index.php(56): CodeIgniter\Boot::bootWeb(Object(Config\Paths))
13 SYSTEMPATH\rewrite.php(44): require_once('C:\\xampp\\htdocs\\lndgpgms\\public\\index.php')
CRITICAL - 2024-07-08 08:15:42 --> [Caused by] mysqli_sql_exception: Table 'admin_dashboard.users' doesn't exist in engine
in SYSTEMPATH\Database\MySQLi\Connection.php on line 312.
 1 SYSTEMPATH\Database\MySQLi\Connection.php(312): mysqli->query('SELECT *
FROM `users`
WHERE `username` = \'admin\'
 LIMIT 1', 0)
 2 SYSTEMPATH\Database\BaseConnection.php(734): CodeIgniter\Database\MySQLi\Connection->execute('SELECT *
FROM `users`
WHERE `username` = \'admin\'
 LIMIT 1')
 3 SYSTEMPATH\Database\BaseConnection.php(648): CodeIgniter\Database\BaseConnection->simpleQuery('SELECT *
FROM `users`
WHERE `username` = \'admin\'
 LIMIT 1')
 4 SYSTEMPATH\Database\BaseBuilder.php(1636): CodeIgniter\Database\BaseConnection->query('SELECT *
FROM `users`
WHERE `username` = :username:
 LIMIT 1', [...], false)
 5 SYSTEMPATH\Model.php(330): CodeIgniter\Database\BaseBuilder->get()
 6 SYSTEMPATH\BaseModel.php(714): CodeIgniter\Model->doFirst()
 7 APPPATH\Controllers\LoginController.php(22): CodeIgniter\BaseModel->first()
 8 SYSTEMPATH\CodeIgniter.php(933): App\Controllers\LoginController->auth()
 9 SYSTEMPATH\CodeIgniter.php(509): CodeIgniter\CodeIgniter->runController(Object(App\Controllers\LoginController))
10 SYSTEMPATH\CodeIgniter.php(355): CodeIgniter\CodeIgniter->handleRequest(null, Object(Config\Cache), false)
11 SYSTEMPATH\Boot.php(325): CodeIgniter\CodeIgniter->run()
12 SYSTEMPATH\Boot.php(67): CodeIgniter\Boot::runCodeIgniter(Object(CodeIgniter\CodeIgniter))
13 FCPATH\index.php(56): CodeIgniter\Boot::bootWeb(Object(Config\Paths))
14 SYSTEMPATH\rewrite.php(44): require_once('C:\\xampp\\htdocs\\lndgpgms\\public\\index.php')
INFO - 2024-07-08 08:15:51 --> Session: Class initialized using 'CodeIgniter\Session\Handlers\FileHandler' driver.
ERROR - 2024-07-08 08:15:51 --> mysqli_sql_exception: Table 'admin_dashboard.users' doesn't exist in engine in C:\xampp\htdocs\lndgpgms\system\Database\MySQLi\Connection.php:312
Stack trace:
#0 C:\xampp\htdocs\lndgpgms\system\Database\MySQLi\Connection.php(312): mysqli->query('SELECT *\nFROM `...', 0)
#1 C:\xampp\htdocs\lndgpgms\system\Database\BaseConnection.php(734): CodeIgniter\Database\MySQLi\Connection->execute('SELECT *\nFROM `...')
#2 C:\xampp\htdocs\lndgpgms\system\Database\BaseConnection.php(648): CodeIgniter\Database\BaseConnection->simpleQuery('SELECT *\nFROM `...')
#3 C:\xampp\htdocs\lndgpgms\system\Database\BaseBuilder.php(1636): CodeIgniter\Database\BaseConnection->query('SELECT *\nFROM `...', Array, false)
#4 C:\xampp\htdocs\lndgpgms\system\Model.php(330): CodeIgniter\Database\BaseBuilder->get()
#5 C:\xampp\htdocs\lndgpgms\system\BaseModel.php(714): CodeIgniter\Model->doFirst()
#6 C:\xampp\htdocs\lndgpgms\app\Controllers\LoginController.php(22): CodeIgniter\BaseModel->first()
#7 C:\xampp\htdocs\lndgpgms\system\CodeIgniter.php(933): App\Controllers\LoginController->auth()
#8 C:\xampp\htdocs\lndgpgms\system\CodeIgniter.php(509): CodeIgniter\CodeIgniter->runController(Object(App\Controllers\LoginController))
#9 C:\xampp\htdocs\lndgpgms\system\CodeIgniter.php(355): CodeIgniter\CodeIgniter->handleRequest(NULL, Object(Config\Cache), false)
#10 C:\xampp\htdocs\lndgpgms\system\Boot.php(325): CodeIgniter\CodeIgniter->run()
#11 C:\xampp\htdocs\lndgpgms\system\Boot.php(67): CodeIgniter\Boot::runCodeIgniter(Object(CodeIgniter\CodeIgniter))
#12 C:\xampp\htdocs\lndgpgms\public\index.php(56): CodeIgniter\Boot::bootWeb(Object(Config\Paths))
#13 C:\xampp\htdocs\lndgpgms\system\rewrite.php(44): require_once('C:\\xampp\\htdocs...')
#14 {main}
CRITICAL - 2024-07-08 08:15:51 --> CodeIgniter\Database\Exceptions\DatabaseException: Table 'admin_dashboard.users' doesn't exist in engine
[Method: POST, Route: login/auth]
in SYSTEMPATH\Database\BaseConnection.php on line 688.
 1 SYSTEMPATH\Database\BaseBuilder.php(1636): CodeIgniter\Database\BaseConnection->query('SELECT *
FROM `users`
WHERE `username` = :username:
 LIMIT 1', [...], false)
 2 SYSTEMPATH\Model.php(330): CodeIgniter\Database\BaseBuilder->get()
 3 SYSTEMPATH\BaseModel.php(714): CodeIgniter\Model->doFirst()
 4 APPPATH\Controllers\LoginController.php(22): CodeIgniter\BaseModel->first()
 5 SYSTEMPATH\CodeIgniter.php(933): App\Controllers\LoginController->auth()
 6 SYSTEMPATH\CodeIgniter.php(509): CodeIgniter\CodeIgniter->runController(Object(App\Controllers\LoginController))
 7 SYSTEMPATH\CodeIgniter.php(355): CodeIgniter\CodeIgniter->handleRequest(null, Object(Config\Cache), false)
 8 SYSTEMPATH\Boot.php(325): CodeIgniter\CodeIgniter->run()
 9 SYSTEMPATH\Boot.php(67): CodeIgniter\Boot::runCodeIgniter(Object(CodeIgniter\CodeIgniter))
10 FCPATH\index.php(56): CodeIgniter\Boot::bootWeb(Object(Config\Paths))
11 SYSTEMPATH\rewrite.php(44): require_once('C:\\xampp\\htdocs\\lndgpgms\\public\\index.php')
CRITICAL - 2024-07-08 08:15:51 --> [Caused by] CodeIgniter\Database\Exceptions\DatabaseException: Table 'admin_dashboard.users' doesn't exist in engine
in SYSTEMPATH\Database\MySQLi\Connection.php on line 317.
 1 SYSTEMPATH\Database\BaseConnection.php(734): CodeIgniter\Database\MySQLi\Connection->execute('SELECT *
FROM `users`
WHERE `username` = \'admin\'
 LIMIT 1')
 2 SYSTEMPATH\Database\BaseConnection.php(648): CodeIgniter\Database\BaseConnection->simpleQuery('SELECT *
FROM `users`
WHERE `username` = \'admin\'
 LIMIT 1')
 3 SYSTEMPATH\Database\BaseBuilder.php(1636): CodeIgniter\Database\BaseConnection->query('SELECT *
FROM `users`
WHERE `username` = :username:
 LIMIT 1', [...], false)
 4 SYSTEMPATH\Model.php(330): CodeIgniter\Database\BaseBuilder->get()
 5 SYSTEMPATH\BaseModel.php(714): CodeIgniter\Model->doFirst()
 6 APPPATH\Controllers\LoginController.php(22): CodeIgniter\BaseModel->first()
 7 SYSTEMPATH\CodeIgniter.php(933): App\Controllers\LoginController->auth()
 8 SYSTEMPATH\CodeIgniter.php(509): CodeIgniter\CodeIgniter->runController(Object(App\Controllers\LoginController))
 9 SYSTEMPATH\CodeIgniter.php(355): CodeIgniter\CodeIgniter->handleRequest(null, Object(Config\Cache), false)
10 SYSTEMPATH\Boot.php(325): CodeIgniter\CodeIgniter->run()
11 SYSTEMPATH\Boot.php(67): CodeIgniter\Boot::runCodeIgniter(Object(CodeIgniter\CodeIgniter))
12 FCPATH\index.php(56): CodeIgniter\Boot::bootWeb(Object(Config\Paths))
13 SYSTEMPATH\rewrite.php(44): require_once('C:\\xampp\\htdocs\\lndgpgms\\public\\index.php')
CRITICAL - 2024-07-08 08:15:51 --> [Caused by] mysqli_sql_exception: Table 'admin_dashboard.users' doesn't exist in engine
in SYSTEMPATH\Database\MySQLi\Connection.php on line 312.
 1 SYSTEMPATH\Database\MySQLi\Connection.php(312): mysqli->query('SELECT *
FROM `users`
WHERE `username` = \'admin\'
 LIMIT 1', 0)
 2 SYSTEMPATH\Database\BaseConnection.php(734): CodeIgniter\Database\MySQLi\Connection->execute('SELECT *
FROM `users`
WHERE `username` = \'admin\'
 LIMIT 1')
 3 SYSTEMPATH\Database\BaseConnection.php(648): CodeIgniter\Database\BaseConnection->simpleQuery('SELECT *
FROM `users`
WHERE `username` = \'admin\'
 LIMIT 1')
 4 SYSTEMPATH\Database\BaseBuilder.php(1636): CodeIgniter\Database\BaseConnection->query('SELECT *
FROM `users`
WHERE `username` = :username:
 LIMIT 1', [...], false)
 5 SYSTEMPATH\Model.php(330): CodeIgniter\Database\BaseBuilder->get()
 6 SYSTEMPATH\BaseModel.php(714): CodeIgniter\Model->doFirst()
 7 APPPATH\Controllers\LoginController.php(22): CodeIgniter\BaseModel->first()
 8 SYSTEMPATH\CodeIgniter.php(933): App\Controllers\LoginController->auth()
 9 SYSTEMPATH\CodeIgniter.php(509): CodeIgniter\CodeIgniter->runController(Object(App\Controllers\LoginController))
10 SYSTEMPATH\CodeIgniter.php(355): CodeIgniter\CodeIgniter->handleRequest(null, Object(Config\Cache), false)
11 SYSTEMPATH\Boot.php(325): CodeIgniter\CodeIgniter->run()
12 SYSTEMPATH\Boot.php(67): CodeIgniter\Boot::runCodeIgniter(Object(CodeIgniter\CodeIgniter))
13 FCPATH\index.php(56): CodeIgniter\Boot::bootWeb(Object(Config\Paths))
14 SYSTEMPATH\rewrite.php(44): require_once('C:\\xampp\\htdocs\\lndgpgms\\public\\index.php')
INFO - 2024-07-08 08:16:03 --> Session: Class initialized using 'CodeIgniter\Session\Handlers\FileHandler' driver.
ERROR - 2024-07-08 08:16:03 --> mysqli_sql_exception: Table 'admin_dashboard.users' doesn't exist in engine in C:\xampp\htdocs\lndgpgms\system\Database\MySQLi\Connection.php:312
Stack trace:
#0 C:\xampp\htdocs\lndgpgms\system\Database\MySQLi\Connection.php(312): mysqli->query('SELECT *\nFROM `...', 0)
#1 C:\xampp\htdocs\lndgpgms\system\Database\BaseConnection.php(734): CodeIgniter\Database\MySQLi\Connection->execute('SELECT *\nFROM `...')
#2 C:\xampp\htdocs\lndgpgms\system\Database\BaseConnection.php(648): CodeIgniter\Database\BaseConnection->simpleQuery('SELECT *\nFROM `...')
#3 C:\xampp\htdocs\lndgpgms\system\Database\BaseBuilder.php(1636): CodeIgniter\Database\BaseConnection->query('SELECT *\nFROM `...', Array, false)
#4 C:\xampp\htdocs\lndgpgms\system\Model.php(330): CodeIgniter\Database\BaseBuilder->get()
#5 C:\xampp\htdocs\lndgpgms\system\BaseModel.php(714): CodeIgniter\Model->doFirst()
#6 C:\xampp\htdocs\lndgpgms\app\Controllers\LoginController.php(22): CodeIgniter\BaseModel->first()
#7 C:\xampp\htdocs\lndgpgms\system\CodeIgniter.php(933): App\Controllers\LoginController->auth()
#8 C:\xampp\htdocs\lndgpgms\system\CodeIgniter.php(509): CodeIgniter\CodeIgniter->runController(Object(App\Controllers\LoginController))
#9 C:\xampp\htdocs\lndgpgms\system\CodeIgniter.php(355): CodeIgniter\CodeIgniter->handleRequest(NULL, Object(Config\Cache), false)
#10 C:\xampp\htdocs\lndgpgms\system\Boot.php(325): CodeIgniter\CodeIgniter->run()
#11 C:\xampp\htdocs\lndgpgms\system\Boot.php(67): CodeIgniter\Boot::runCodeIgniter(Object(CodeIgniter\CodeIgniter))
#12 C:\xampp\htdocs\lndgpgms\public\index.php(56): CodeIgniter\Boot::bootWeb(Object(Config\Paths))
#13 C:\xampp\htdocs\lndgpgms\system\rewrite.php(44): require_once('C:\\xampp\\htdocs...')
#14 {main}
CRITICAL - 2024-07-08 08:16:03 --> CodeIgniter\Database\Exceptions\DatabaseException: Table 'admin_dashboard.users' doesn't exist in engine
[Method: POST, Route: login/auth]
in SYSTEMPATH\Database\BaseConnection.php on line 688.
 1 SYSTEMPATH\Database\BaseBuilder.php(1636): CodeIgniter\Database\BaseConnection->query('SELECT *
FROM `users`
WHERE `username` = :username:
 LIMIT 1', [...], false)
 2 SYSTEMPATH\Model.php(330): CodeIgniter\Database\BaseBuilder->get()
 3 SYSTEMPATH\BaseModel.php(714): CodeIgniter\Model->doFirst()
 4 APPPATH\Controllers\LoginController.php(22): CodeIgniter\BaseModel->first()
 5 SYSTEMPATH\CodeIgniter.php(933): App\Controllers\LoginController->auth()
 6 SYSTEMPATH\CodeIgniter.php(509): CodeIgniter\CodeIgniter->runController(Object(App\Controllers\LoginController))
 7 SYSTEMPATH\CodeIgniter.php(355): CodeIgniter\CodeIgniter->handleRequest(null, Object(Config\Cache), false)
 8 SYSTEMPATH\Boot.php(325): CodeIgniter\CodeIgniter->run()
 9 SYSTEMPATH\Boot.php(67): CodeIgniter\Boot::runCodeIgniter(Object(CodeIgniter\CodeIgniter))
10 FCPATH\index.php(56): CodeIgniter\Boot::bootWeb(Object(Config\Paths))
11 SYSTEMPATH\rewrite.php(44): require_once('C:\\xampp\\htdocs\\lndgpgms\\public\\index.php')
CRITICAL - 2024-07-08 08:16:03 --> [Caused by] CodeIgniter\Database\Exceptions\DatabaseException: Table 'admin_dashboard.users' doesn't exist in engine
in SYSTEMPATH\Database\MySQLi\Connection.php on line 317.
 1 SYSTEMPATH\Database\BaseConnection.php(734): CodeIgniter\Database\MySQLi\Connection->execute('SELECT *
FROM `users`
WHERE `username` = \'admin\'
 LIMIT 1')
 2 SYSTEMPATH\Database\BaseConnection.php(648): CodeIgniter\Database\BaseConnection->simpleQuery('SELECT *
FROM `users`
WHERE `username` = \'admin\'
 LIMIT 1')
 3 SYSTEMPATH\Database\BaseBuilder.php(1636): CodeIgniter\Database\BaseConnection->query('SELECT *
FROM `users`
WHERE `username` = :username:
 LIMIT 1', [...], false)
 4 SYSTEMPATH\Model.php(330): CodeIgniter\Database\BaseBuilder->get()
 5 SYSTEMPATH\BaseModel.php(714): CodeIgniter\Model->doFirst()
 6 APPPATH\Controllers\LoginController.php(22): CodeIgniter\BaseModel->first()
 7 SYSTEMPATH\CodeIgniter.php(933): App\Controllers\LoginController->auth()
 8 SYSTEMPATH\CodeIgniter.php(509): CodeIgniter\CodeIgniter->runController(Object(App\Controllers\LoginController))
 9 SYSTEMPATH\CodeIgniter.php(355): CodeIgniter\CodeIgniter->handleRequest(null, Object(Config\Cache), false)
10 SYSTEMPATH\Boot.php(325): CodeIgniter\CodeIgniter->run()
11 SYSTEMPATH\Boot.php(67): CodeIgniter\Boot::runCodeIgniter(Object(CodeIgniter\CodeIgniter))
12 FCPATH\index.php(56): CodeIgniter\Boot::bootWeb(Object(Config\Paths))
13 SYSTEMPATH\rewrite.php(44): require_once('C:\\xampp\\htdocs\\lndgpgms\\public\\index.php')
CRITICAL - 2024-07-08 08:16:03 --> [Caused by] mysqli_sql_exception: Table 'admin_dashboard.users' doesn't exist in engine
in SYSTEMPATH\Database\MySQLi\Connection.php on line 312.
 1 SYSTEMPATH\Database\MySQLi\Connection.php(312): mysqli->query('SELECT *
FROM `users`
WHERE `username` = \'admin\'
 LIMIT 1', 0)
 2 SYSTEMPATH\Database\BaseConnection.php(734): CodeIgniter\Database\MySQLi\Connection->execute('SELECT *
FROM `users`
WHERE `username` = \'admin\'
 LIMIT 1')
 3 SYSTEMPATH\Database\BaseConnection.php(648): CodeIgniter\Database\BaseConnection->simpleQuery('SELECT *
FROM `users`
WHERE `username` = \'admin\'
 LIMIT 1')
 4 SYSTEMPATH\Database\BaseBuilder.php(1636): CodeIgniter\Database\BaseConnection->query('SELECT *
FROM `users`
WHERE `username` = :username:
 LIMIT 1', [...], false)
 5 SYSTEMPATH\Model.php(330): CodeIgniter\Database\BaseBuilder->get()
 6 SYSTEMPATH\BaseModel.php(714): CodeIgniter\Model->doFirst()
 7 APPPATH\Controllers\LoginController.php(22): CodeIgniter\BaseModel->first()
 8 SYSTEMPATH\CodeIgniter.php(933): App\Controllers\LoginController->auth()
 9 SYSTEMPATH\CodeIgniter.php(509): CodeIgniter\CodeIgniter->runController(Object(App\Controllers\LoginController))
10 SYSTEMPATH\CodeIgniter.php(355): CodeIgniter\CodeIgniter->handleRequest(null, Object(Config\Cache), false)
11 SYSTEMPATH\Boot.php(325): CodeIgniter\CodeIgniter->run()
12 SYSTEMPATH\Boot.php(67): CodeIgniter\Boot::runCodeIgniter(Object(CodeIgniter\CodeIgniter))
13 FCPATH\index.php(56): CodeIgniter\Boot::bootWeb(Object(Config\Paths))
14 SYSTEMPATH\rewrite.php(44): require_once('C:\\xampp\\htdocs\\lndgpgms\\public\\index.php')
INFO - 2024-07-08 08:16:17 --> Session: Class initialized using 'CodeIgniter\Session\Handlers\FileHandler' driver.
CRITICAL - 2024-07-08 08:16:17 --> Error: Undefined constant "CodeIgniter\Database\MySQLi\MYSQLI_STORE_RESULT"
[Method: POST, Route: login/auth]
in SYSTEMPATH\Database\Database.php on line 139.
 1 SYSTEMPATH\Database\Database.php(57): CodeIgniter\Database\Database->initDriver('MySQLi', 'Connection', [...])
 2 SYSTEMPATH\Database\Config.php(84): CodeIgniter\Database\Database->load([...], 'default')
 3 SYSTEMPATH\Model.php(155): CodeIgniter\Database\Config::connect('default')
 4 APPPATH\Controllers\LoginController.php(18): CodeIgniter\Model->__construct()
 5 SYSTEMPATH\CodeIgniter.php(933): App\Controllers\LoginController->auth()
 6 SYSTEMPATH\CodeIgniter.php(509): CodeIgniter\CodeIgniter->runController(Object(App\Controllers\LoginController))
 7 SYSTEMPATH\CodeIgniter.php(355): CodeIgniter\CodeIgniter->handleRequest(null, Object(Config\Cache), false)
 8 SYSTEMPATH\Boot.php(325): CodeIgniter\CodeIgniter->run()
 9 SYSTEMPATH\Boot.php(67): CodeIgniter\Boot::runCodeIgniter(Object(CodeIgniter\CodeIgniter))
10 FCPATH\index.php(56): CodeIgniter\Boot::bootWeb(Object(Config\Paths))
11 SYSTEMPATH\rewrite.php(44): require_once('C:\\xampp\\htdocs\\lndgpgms\\public\\index.php')
INFO - 2024-07-08 08:16:21 --> Session: Class initialized using 'CodeIgniter\Session\Handlers\FileHandler' driver.
CRITICAL - 2024-07-08 08:16:21 --> Error: Undefined constant "CodeIgniter\Database\MySQLi\MYSQLI_STORE_RESULT"
[Method: POST, Route: login/auth]
in SYSTEMPATH\Database\Database.php on line 139.
 1 SYSTEMPATH\Database\Database.php(57): CodeIgniter\Database\Database->initDriver('MySQLi', 'Connection', [...])
 2 SYSTEMPATH\Database\Config.php(84): CodeIgniter\Database\Database->load([...], 'default')
 3 SYSTEMPATH\Model.php(155): CodeIgniter\Database\Config::connect('default')
 4 APPPATH\Controllers\LoginController.php(18): CodeIgniter\Model->__construct()
 5 SYSTEMPATH\CodeIgniter.php(933): App\Controllers\LoginController->auth()
 6 SYSTEMPATH\CodeIgniter.php(509): CodeIgniter\CodeIgniter->runController(Object(App\Controllers\LoginController))
 7 SYSTEMPATH\CodeIgniter.php(355): CodeIgniter\CodeIgniter->handleRequest(null, Object(Config\Cache), false)
 8 SYSTEMPATH\Boot.php(325): CodeIgniter\CodeIgniter->run()
 9 SYSTEMPATH\Boot.php(67): CodeIgniter\Boot::runCodeIgniter(Object(CodeIgniter\CodeIgniter))
10 FCPATH\index.php(56): CodeIgniter\Boot::bootWeb(Object(Config\Paths))
11 SYSTEMPATH\rewrite.php(44): require_once('C:\\xampp\\htdocs\\lndgpgms\\public\\index.php')
INFO - 2024-07-08 09:13:30 --> Session: Class initialized using 'CodeIgniter\Session\Handlers\FileHandler' driver.
INFO - 2024-07-08 09:13:37 --> Session: Class initialized using 'CodeIgniter\Session\Handlers\FileHandler' driver.
INFO - 2024-07-08 09:13:38 --> Session: Class initialized using 'CodeIgniter\Session\Handlers\FileHandler' driver.
INFO - 2024-07-08 09:13:43 --> Session: Class initialized using 'CodeIgniter\Session\Handlers\FileHandler' driver.
ERROR - 2024-07-08 09:13:43 --> mysqli_sql_exception: Table 'admin_dashboard.portfolios' doesn't exist in C:\xampp\htdocs\lndgpgms\system\Database\MySQLi\Connection.php:312
Stack trace:
#0 C:\xampp\htdocs\lndgpgms\system\Database\MySQLi\Connection.php(312): mysqli->query('SELECT *\nFROM `...', 0)
#1 C:\xampp\htdocs\lndgpgms\system\Database\BaseConnection.php(734): CodeIgniter\Database\MySQLi\Connection->execute('SELECT *\nFROM `...')
#2 C:\xampp\htdocs\lndgpgms\system\Database\BaseConnection.php(648): CodeIgniter\Database\BaseConnection->simpleQuery('SELECT *\nFROM `...')
#3 C:\xampp\htdocs\lndgpgms\system\Database\BaseBuilder.php(1636): CodeIgniter\Database\BaseConnection->query('SELECT *\nFROM `...', Array, false)
#4 C:\xampp\htdocs\lndgpgms\system\Model.php(286): CodeIgniter\Database\BaseBuilder->get()
#5 C:\xampp\htdocs\lndgpgms\system\BaseModel.php(676): CodeIgniter\Model->doFindAll(0, 0)
#6 C:\xampp\htdocs\lndgpgms\app\Controllers\AdminPortfolioController.php(21): CodeIgniter\BaseModel->findAll()
#7 C:\xampp\htdocs\lndgpgms\system\CodeIgniter.php(933): App\Controllers\AdminPortfolioController->index()
#8 C:\xampp\htdocs\lndgpgms\system\CodeIgniter.php(509): CodeIgniter\CodeIgniter->runController(Object(App\Controllers\AdminPortfolioController))
#9 C:\xampp\htdocs\lndgpgms\system\CodeIgniter.php(355): CodeIgniter\CodeIgniter->handleRequest(NULL, Object(Config\Cache), false)
#10 C:\xampp\htdocs\lndgpgms\system\Boot.php(325): CodeIgniter\CodeIgniter->run()
#11 C:\xampp\htdocs\lndgpgms\system\Boot.php(67): CodeIgniter\Boot::runCodeIgniter(Object(CodeIgniter\CodeIgniter))
#12 C:\xampp\htdocs\lndgpgms\public\index.php(56): CodeIgniter\Boot::bootWeb(Object(Config\Paths))
#13 C:\xampp\htdocs\lndgpgms\system\rewrite.php(44): require_once('C:\\xampp\\htdocs...')
#14 {main}
CRITICAL - 2024-07-08 09:13:43 --> CodeIgniter\Database\Exceptions\DatabaseException: Table 'admin_dashboard.portfolios' doesn't exist
[Method: GET, Route: admin/portfolio]
in SYSTEMPATH\Database\BaseConnection.php on line 688.
 1 SYSTEMPATH\Database\BaseBuilder.php(1636): CodeIgniter\Database\BaseConnection->query('SELECT *
FROM `portfolios`', [], false)
 2 SYSTEMPATH\Model.php(286): CodeIgniter\Database\BaseBuilder->get()
 3 SYSTEMPATH\BaseModel.php(676): CodeIgniter\Model->doFindAll(0, 0)
 4 APPPATH\Controllers\AdminPortfolioController.php(21): CodeIgniter\BaseModel->findAll()
 5 SYSTEMPATH\CodeIgniter.php(933): App\Controllers\AdminPortfolioController->index()
 6 SYSTEMPATH\CodeIgniter.php(509): CodeIgniter\CodeIgniter->runController(Object(App\Controllers\AdminPortfolioController))
 7 SYSTEMPATH\CodeIgniter.php(355): CodeIgniter\CodeIgniter->handleRequest(null, Object(Config\Cache), false)
 8 SYSTEMPATH\Boot.php(325): CodeIgniter\CodeIgniter->run()
 9 SYSTEMPATH\Boot.php(67): CodeIgniter\Boot::runCodeIgniter(Object(CodeIgniter\CodeIgniter))
10 FCPATH\index.php(56): CodeIgniter\Boot::bootWeb(Object(Config\Paths))
11 SYSTEMPATH\rewrite.php(44): require_once('C:\\xampp\\htdocs\\lndgpgms\\public\\index.php')
CRITICAL - 2024-07-08 09:13:43 --> [Caused by] CodeIgniter\Database\Exceptions\DatabaseException: Table 'admin_dashboard.portfolios' doesn't exist
in SYSTEMPATH\Database\MySQLi\Connection.php on line 317.
 1 SYSTEMPATH\Database\BaseConnection.php(734): CodeIgniter\Database\MySQLi\Connection->execute('SELECT *
FROM `portfolios`')
 2 SYSTEMPATH\Database\BaseConnection.php(648): CodeIgniter\Database\BaseConnection->simpleQuery('SELECT *
FROM `portfolios`')
 3 SYSTEMPATH\Database\BaseBuilder.php(1636): CodeIgniter\Database\BaseConnection->query('SELECT *
FROM `portfolios`', [], false)
 4 SYSTEMPATH\Model.php(286): CodeIgniter\Database\BaseBuilder->get()
 5 SYSTEMPATH\BaseModel.php(676): CodeIgniter\Model->doFindAll(0, 0)
 6 APPPATH\Controllers\AdminPortfolioController.php(21): CodeIgniter\BaseModel->findAll()
 7 SYSTEMPATH\CodeIgniter.php(933): App\Controllers\AdminPortfolioController->index()
 8 SYSTEMPATH\CodeIgniter.php(509): CodeIgniter\CodeIgniter->runController(Object(App\Controllers\AdminPortfolioController))
 9 SYSTEMPATH\CodeIgniter.php(355): CodeIgniter\CodeIgniter->handleRequest(null, Object(Config\Cache), false)
10 SYSTEMPATH\Boot.php(325): CodeIgniter\CodeIgniter->run()
11 SYSTEMPATH\Boot.php(67): CodeIgniter\Boot::runCodeIgniter(Object(CodeIgniter\CodeIgniter))
12 FCPATH\index.php(56): CodeIgniter\Boot::bootWeb(Object(Config\Paths))
13 SYSTEMPATH\rewrite.php(44): require_once('C:\\xampp\\htdocs\\lndgpgms\\public\\index.php')
CRITICAL - 2024-07-08 09:13:43 --> [Caused by] mysqli_sql_exception: Table 'admin_dashboard.portfolios' doesn't exist
in SYSTEMPATH\Database\MySQLi\Connection.php on line 312.
 1 SYSTEMPATH\Database\MySQLi\Connection.php(312): mysqli->query('SELECT *
FROM `portfolios`', 0)
 2 SYSTEMPATH\Database\BaseConnection.php(734): CodeIgniter\Database\MySQLi\Connection->execute('SELECT *
FROM `portfolios`')
 3 SYSTEMPATH\Database\BaseConnection.php(648): CodeIgniter\Database\BaseConnection->simpleQuery('SELECT *
FROM `portfolios`')
 4 SYSTEMPATH\Database\BaseBuilder.php(1636): CodeIgniter\Database\BaseConnection->query('SELECT *
FROM `portfolios`', [], false)
 5 SYSTEMPATH\Model.php(286): CodeIgniter\Database\BaseBuilder->get()
 6 SYSTEMPATH\BaseModel.php(676): CodeIgniter\Model->doFindAll(0, 0)
 7 APPPATH\Controllers\AdminPortfolioController.php(21): CodeIgniter\BaseModel->findAll()
 8 SYSTEMPATH\CodeIgniter.php(933): App\Controllers\AdminPortfolioController->index()
 9 SYSTEMPATH\CodeIgniter.php(509): CodeIgniter\CodeIgniter->runController(Object(App\Controllers\AdminPortfolioController))
10 SYSTEMPATH\CodeIgniter.php(355): CodeIgniter\CodeIgniter->handleRequest(null, Object(Config\Cache), false)
11 SYSTEMPATH\Boot.php(325): CodeIgniter\CodeIgniter->run()
12 SYSTEMPATH\Boot.php(67): CodeIgniter\Boot::runCodeIgniter(Object(CodeIgniter\CodeIgniter))
13 FCPATH\index.php(56): CodeIgniter\Boot::bootWeb(Object(Config\Paths))
14 SYSTEMPATH\rewrite.php(44): require_once('C:\\xampp\\htdocs\\lndgpgms\\public\\index.php')
INFO - 2024-07-08 09:16:23 --> Session: Class initialized using 'CodeIgniter\Session\Handlers\FileHandler' driver.
INFO - 2024-07-08 09:16:45 --> Session: Class initialized using 'CodeIgniter\Session\Handlers\FileHandler' driver.
INFO - 2024-07-08 09:16:47 --> Session: Class initialized using 'CodeIgniter\Session\Handlers\FileHandler' driver.
INFO - 2024-07-08 09:16:55 --> Session: Class initialized using 'CodeIgniter\Session\Handlers\FileHandler' driver.
INFO - 2024-07-08 09:17:04 --> Session: Class initialized using 'CodeIgniter\Session\Handlers\FileHandler' driver.
INFO - 2024-07-08 09:17:10 --> Session: Class initialized using 'CodeIgniter\Session\Handlers\FileHandler' driver.
INFO - 2024-07-08 09:17:14 --> Session: Class initialized using 'CodeIgniter\Session\Handlers\FileHandler' driver.
INFO - 2024-07-08 09:17:22 --> Session: Class initialized using 'CodeIgniter\Session\Handlers\FileHandler' driver.
INFO - 2024-07-08 09:17:22 --> Session: Class initialized using 'CodeIgniter\Session\Handlers\FileHandler' driver.
INFO - 2024-07-08 09:17:25 --> Session: Class initialized using 'CodeIgniter\Session\Handlers\FileHandler' driver.
INFO - 2024-07-08 09:17:41 --> Session: Class initialized using 'CodeIgniter\Session\Handlers\FileHandler' driver.
INFO - 2024-07-08 09:17:41 --> Session: Class initialized using 'CodeIgniter\Session\Handlers\FileHandler' driver.
CRITICAL - 2024-07-08 09:21:30 --> ErrorException: Undefined variable $portfolio
[Method: GET, Route: Beranda]
in APPPATH\Views\users\beranda\index.php on line 323.
 1 APPPATH\Views\users\beranda\index.php(323): CodeIgniter\Debug\Exceptions->errorHandler(2, 'Undefined variable $portfolio', 'C:\\xampp\\htdocs\\lndgpgms\\app\\Views\\users\\beranda\\index.php', 323)
 2 SYSTEMPATH\View\View.php(234): include('C:\\xampp\\htdocs\\lndgpgms\\app\\Views\\users\\beranda\\index.php')
 3 SYSTEMPATH\View\View.php(237): CodeIgniter\View\View->CodeIgniter\View\{closure}()
 4 SYSTEMPATH\Common.php(1171): CodeIgniter\View\View->render('users/beranda/index', [], true)
 5 APPPATH\Controllers\BerandaController.php(12): view('users/beranda/index')
 6 SYSTEMPATH\CodeIgniter.php(933): App\Controllers\BerandaController->index()
 7 SYSTEMPATH\CodeIgniter.php(509): CodeIgniter\CodeIgniter->runController(Object(App\Controllers\BerandaController))
 8 SYSTEMPATH\CodeIgniter.php(355): CodeIgniter\CodeIgniter->handleRequest(null, Object(Config\Cache), false)
 9 SYSTEMPATH\Boot.php(325): CodeIgniter\CodeIgniter->run()
10 SYSTEMPATH\Boot.php(67): CodeIgniter\Boot::runCodeIgniter(Object(CodeIgniter\CodeIgniter))
11 FCPATH\index.php(56): CodeIgniter\Boot::bootWeb(Object(Config\Paths))
12 SYSTEMPATH\rewrite.php(44): require_once('C:\\xampp\\htdocs\\lndgpgms\\public\\index.php')
CRITICAL - 2024-07-08 09:21:31 --> ErrorException: Undefined variable $portfolio
[Method: GET, Route: Beranda]
in APPPATH\Views\users\beranda\index.php on line 323.
 1 APPPATH\Views\users\beranda\index.php(323): CodeIgniter\Debug\Exceptions->errorHandler(2, 'Undefined variable $portfolio', 'C:\\xampp\\htdocs\\lndgpgms\\app\\Views\\users\\beranda\\index.php', 323)
 2 SYSTEMPATH\View\View.php(234): include('C:\\xampp\\htdocs\\lndgpgms\\app\\Views\\users\\beranda\\index.php')
 3 SYSTEMPATH\View\View.php(237): CodeIgniter\View\View->CodeIgniter\View\{closure}()
 4 SYSTEMPATH\Common.php(1171): CodeIgniter\View\View->render('users/beranda/index', [], true)
 5 APPPATH\Controllers\BerandaController.php(12): view('users/beranda/index')
 6 SYSTEMPATH\CodeIgniter.php(933): App\Controllers\BerandaController->index()
 7 SYSTEMPATH\CodeIgniter.php(509): CodeIgniter\CodeIgniter->runController(Object(App\Controllers\BerandaController))
 8 SYSTEMPATH\CodeIgniter.php(355): CodeIgniter\CodeIgniter->handleRequest(null, Object(Config\Cache), false)
 9 SYSTEMPATH\Boot.php(325): CodeIgniter\CodeIgniter->run()
10 SYSTEMPATH\Boot.php(67): CodeIgniter\Boot::runCodeIgniter(Object(CodeIgniter\CodeIgniter))
11 FCPATH\index.php(56): CodeIgniter\Boot::bootWeb(Object(Config\Paths))
12 SYSTEMPATH\rewrite.php(44): require_once('C:\\xampp\\htdocs\\lndgpgms\\public\\index.php')
CRITICAL - 2024-07-08 09:21:32 --> ErrorException: Undefined variable $portfolio
[Method: GET, Route: Beranda]
in APPPATH\Views\users\beranda\index.php on line 323.
 1 APPPATH\Views\users\beranda\index.php(323): CodeIgniter\Debug\Exceptions->errorHandler(2, 'Undefined variable $portfolio', 'C:\\xampp\\htdocs\\lndgpgms\\app\\Views\\users\\beranda\\index.php', 323)
 2 SYSTEMPATH\View\View.php(234): include('C:\\xampp\\htdocs\\lndgpgms\\app\\Views\\users\\beranda\\index.php')
 3 SYSTEMPATH\View\View.php(237): CodeIgniter\View\View->CodeIgniter\View\{closure}()
 4 SYSTEMPATH\Common.php(1171): CodeIgniter\View\View->render('users/beranda/index', [], true)
 5 APPPATH\Controllers\BerandaController.php(12): view('users/beranda/index')
 6 SYSTEMPATH\CodeIgniter.php(933): App\Controllers\BerandaController->index()
 7 SYSTEMPATH\CodeIgniter.php(509): CodeIgniter\CodeIgniter->runController(Object(App\Controllers\BerandaController))
 8 SYSTEMPATH\CodeIgniter.php(355): CodeIgniter\CodeIgniter->handleRequest(null, Object(Config\Cache), false)
 9 SYSTEMPATH\Boot.php(325): CodeIgniter\CodeIgniter->run()
10 SYSTEMPATH\Boot.php(67): CodeIgniter\Boot::runCodeIgniter(Object(CodeIgniter\CodeIgniter))
11 FCPATH\index.php(56): CodeIgniter\Boot::bootWeb(Object(Config\Paths))
12 SYSTEMPATH\rewrite.php(44): require_once('C:\\xampp\\htdocs\\lndgpgms\\public\\index.php')
CRITICAL - 2024-07-08 09:21:32 --> ErrorException: Undefined variable $portfolio
[Method: GET, Route: Beranda]
in APPPATH\Views\users\beranda\index.php on line 323.
 1 APPPATH\Views\users\beranda\index.php(323): CodeIgniter\Debug\Exceptions->errorHandler(2, 'Undefined variable $portfolio', 'C:\\xampp\\htdocs\\lndgpgms\\app\\Views\\users\\beranda\\index.php', 323)
 2 SYSTEMPATH\View\View.php(234): include('C:\\xampp\\htdocs\\lndgpgms\\app\\Views\\users\\beranda\\index.php')
 3 SYSTEMPATH\View\View.php(237): CodeIgniter\View\View->CodeIgniter\View\{closure}()
 4 SYSTEMPATH\Common.php(1171): CodeIgniter\View\View->render('users/beranda/index', [], true)
 5 APPPATH\Controllers\BerandaController.php(12): view('users/beranda/index')
 6 SYSTEMPATH\CodeIgniter.php(933): App\Controllers\BerandaController->index()
 7 SYSTEMPATH\CodeIgniter.php(509): CodeIgniter\CodeIgniter->runController(Object(App\Controllers\BerandaController))
 8 SYSTEMPATH\CodeIgniter.php(355): CodeIgniter\CodeIgniter->handleRequest(null, Object(Config\Cache), false)
 9 SYSTEMPATH\Boot.php(325): CodeIgniter\CodeIgniter->run()
10 SYSTEMPATH\Boot.php(67): CodeIgniter\Boot::runCodeIgniter(Object(CodeIgniter\CodeIgniter))
11 FCPATH\index.php(56): CodeIgniter\Boot::bootWeb(Object(Config\Paths))
12 SYSTEMPATH\rewrite.php(44): require_once('C:\\xampp\\htdocs\\lndgpgms\\public\\index.php')
CRITICAL - 2024-07-08 09:21:32 --> ErrorException: Undefined variable $portfolio
[Method: GET, Route: Beranda]
in APPPATH\Views\users\beranda\index.php on line 323.
 1 APPPATH\Views\users\beranda\index.php(323): CodeIgniter\Debug\Exceptions->errorHandler(2, 'Undefined variable $portfolio', 'C:\\xampp\\htdocs\\lndgpgms\\app\\Views\\users\\beranda\\index.php', 323)
 2 SYSTEMPATH\View\View.php(234): include('C:\\xampp\\htdocs\\lndgpgms\\app\\Views\\users\\beranda\\index.php')
 3 SYSTEMPATH\View\View.php(237): CodeIgniter\View\View->CodeIgniter\View\{closure}()
 4 SYSTEMPATH\Common.php(1171): CodeIgniter\View\View->render('users/beranda/index', [], true)
 5 APPPATH\Controllers\BerandaController.php(12): view('users/beranda/index')
 6 SYSTEMPATH\CodeIgniter.php(933): App\Controllers\BerandaController->index()
 7 SYSTEMPATH\CodeIgniter.php(509): CodeIgniter\CodeIgniter->runController(Object(App\Controllers\BerandaController))
 8 SYSTEMPATH\CodeIgniter.php(355): CodeIgniter\CodeIgniter->handleRequest(null, Object(Config\Cache), false)
 9 SYSTEMPATH\Boot.php(325): CodeIgniter\CodeIgniter->run()
10 SYSTEMPATH\Boot.php(67): CodeIgniter\Boot::runCodeIgniter(Object(CodeIgniter\CodeIgniter))
11 FCPATH\index.php(56): CodeIgniter\Boot::bootWeb(Object(Config\Paths))
12 SYSTEMPATH\rewrite.php(44): require_once('C:\\xampp\\htdocs\\lndgpgms\\public\\index.php')
INFO - 2024-07-08 09:21:49 --> Session: Class initialized using 'CodeIgniter\Session\Handlers\FileHandler' driver.
CRITICAL - 2024-07-08 09:22:08 --> ErrorException: Undefined variable $portfolio
[Method: GET, Route: Beranda]
in APPPATH\Views\users\beranda\index.php on line 322.
 1 APPPATH\Views\users\beranda\index.php(322): CodeIgniter\Debug\Exceptions->errorHandler(2, 'Undefined variable $portfolio', 'C:\\xampp\\htdocs\\lndgpgms\\app\\Views\\users\\beranda\\index.php', 322)
 2 SYSTEMPATH\View\View.php(234): include('C:\\xampp\\htdocs\\lndgpgms\\app\\Views\\users\\beranda\\index.php')
 3 SYSTEMPATH\View\View.php(237): CodeIgniter\View\View->CodeIgniter\View\{closure}()
 4 SYSTEMPATH\Common.php(1171): CodeIgniter\View\View->render('users/beranda/index', [], true)
 5 APPPATH\Controllers\BerandaController.php(12): view('users/beranda/index')
 6 SYSTEMPATH\CodeIgniter.php(933): App\Controllers\BerandaController->index()
 7 SYSTEMPATH\CodeIgniter.php(509): CodeIgniter\CodeIgniter->runController(Object(App\Controllers\BerandaController))
 8 SYSTEMPATH\CodeIgniter.php(355): CodeIgniter\CodeIgniter->handleRequest(null, Object(Config\Cache), false)
 9 SYSTEMPATH\Boot.php(325): CodeIgniter\CodeIgniter->run()
10 SYSTEMPATH\Boot.php(67): CodeIgniter\Boot::runCodeIgniter(Object(CodeIgniter\CodeIgniter))
11 FCPATH\index.php(56): CodeIgniter\Boot::bootWeb(Object(Config\Paths))
12 SYSTEMPATH\rewrite.php(44): require_once('C:\\xampp\\htdocs\\lndgpgms\\public\\index.php')
CRITICAL - 2024-07-08 09:22:25 --> ErrorException: Undefined variable $portfolio
[Method: GET, Route: Beranda]
in APPPATH\Views\users\beranda\index.php on line 323.
 1 APPPATH\Views\users\beranda\index.php(323): CodeIgniter\Debug\Exceptions->errorHandler(2, 'Undefined variable $portfolio', 'C:\\xampp\\htdocs\\lndgpgms\\app\\Views\\users\\beranda\\index.php', 323)
 2 SYSTEMPATH\View\View.php(234): include('C:\\xampp\\htdocs\\lndgpgms\\app\\Views\\users\\beranda\\index.php')
 3 SYSTEMPATH\View\View.php(237): CodeIgniter\View\View->CodeIgniter\View\{closure}()
 4 SYSTEMPATH\Common.php(1171): CodeIgniter\View\View->render('users/beranda/index', [], true)
 5 APPPATH\Controllers\BerandaController.php(12): view('users/beranda/index')
 6 SYSTEMPATH\CodeIgniter.php(933): App\Controllers\BerandaController->index()
 7 SYSTEMPATH\CodeIgniter.php(509): CodeIgniter\CodeIgniter->runController(Object(App\Controllers\BerandaController))
 8 SYSTEMPATH\CodeIgniter.php(355): CodeIgniter\CodeIgniter->handleRequest(null, Object(Config\Cache), false)
 9 SYSTEMPATH\Boot.php(325): CodeIgniter\CodeIgniter->run()
10 SYSTEMPATH\Boot.php(67): CodeIgniter\Boot::runCodeIgniter(Object(CodeIgniter\CodeIgniter))
11 FCPATH\index.php(56): CodeIgniter\Boot::bootWeb(Object(Config\Paths))
12 SYSTEMPATH\rewrite.php(44): require_once('C:\\xampp\\htdocs\\lndgpgms\\public\\index.php')
CRITICAL - 2024-07-08 09:22:25 --> ErrorException: Undefined variable $portfolio
[Method: GET, Route: Beranda]
in APPPATH\Views\users\beranda\index.php on line 323.
 1 APPPATH\Views\users\beranda\index.php(323): CodeIgniter\Debug\Exceptions->errorHandler(2, 'Undefined variable $portfolio', 'C:\\xampp\\htdocs\\lndgpgms\\app\\Views\\users\\beranda\\index.php', 323)
 2 SYSTEMPATH\View\View.php(234): include('C:\\xampp\\htdocs\\lndgpgms\\app\\Views\\users\\beranda\\index.php')
 3 SYSTEMPATH\View\View.php(237): CodeIgniter\View\View->CodeIgniter\View\{closure}()
 4 SYSTEMPATH\Common.php(1171): CodeIgniter\View\View->render('users/beranda/index', [], true)
 5 APPPATH\Controllers\BerandaController.php(12): view('users/beranda/index')
 6 SYSTEMPATH\CodeIgniter.php(933): App\Controllers\BerandaController->index()
 7 SYSTEMPATH\CodeIgniter.php(509): CodeIgniter\CodeIgniter->runController(Object(App\Controllers\BerandaController))
 8 SYSTEMPATH\CodeIgniter.php(355): CodeIgniter\CodeIgniter->handleRequest(null, Object(Config\Cache), false)
 9 SYSTEMPATH\Boot.php(325): CodeIgniter\CodeIgniter->run()
10 SYSTEMPATH\Boot.php(67): CodeIgniter\Boot::runCodeIgniter(Object(CodeIgniter\CodeIgniter))
11 FCPATH\index.php(56): CodeIgniter\Boot::bootWeb(Object(Config\Paths))
12 SYSTEMPATH\rewrite.php(44): require_once('C:\\xampp\\htdocs\\lndgpgms\\public\\index.php')
CRITICAL - 2024-07-08 09:22:26 --> ErrorException: Undefined variable $portfolio
[Method: GET, Route: Beranda]
in APPPATH\Views\users\beranda\index.php on line 323.
 1 APPPATH\Views\users\beranda\index.php(323): CodeIgniter\Debug\Exceptions->errorHandler(2, 'Undefined variable $portfolio', 'C:\\xampp\\htdocs\\lndgpgms\\app\\Views\\users\\beranda\\index.php', 323)
 2 SYSTEMPATH\View\View.php(234): include('C:\\xampp\\htdocs\\lndgpgms\\app\\Views\\users\\beranda\\index.php')
 3 SYSTEMPATH\View\View.php(237): CodeIgniter\View\View->CodeIgniter\View\{closure}()
 4 SYSTEMPATH\Common.php(1171): CodeIgniter\View\View->render('users/beranda/index', [], true)
 5 APPPATH\Controllers\BerandaController.php(12): view('users/beranda/index')
 6 SYSTEMPATH\CodeIgniter.php(933): App\Controllers\BerandaController->index()
 7 SYSTEMPATH\CodeIgniter.php(509): CodeIgniter\CodeIgniter->runController(Object(App\Controllers\BerandaController))
 8 SYSTEMPATH\CodeIgniter.php(355): CodeIgniter\CodeIgniter->handleRequest(null, Object(Config\Cache), false)
 9 SYSTEMPATH\Boot.php(325): CodeIgniter\CodeIgniter->run()
10 SYSTEMPATH\Boot.php(67): CodeIgniter\Boot::runCodeIgniter(Object(CodeIgniter\CodeIgniter))
11 FCPATH\index.php(56): CodeIgniter\Boot::bootWeb(Object(Config\Paths))
12 SYSTEMPATH\rewrite.php(44): require_once('C:\\xampp\\htdocs\\lndgpgms\\public\\index.php')
INFO - 2024-07-08 09:24:50 --> Session: Class initialized using 'CodeIgniter\Session\Handlers\FileHandler' driver.
INFO - 2024-07-08 09:27:23 --> Session: Class initialized using 'CodeIgniter\Session\Handlers\FileHandler' driver.
INFO - 2024-07-08 09:27:40 --> Session: Class initialized using 'CodeIgniter\Session\Handlers\FileHandler' driver.
CRITICAL - 2024-07-08 09:33:36 --> ErrorException: Undefined variable $portfolios
[Method: GET, Route: Beranda]
in APPPATH\Views\users\beranda\index.php on line 316.
 1 APPPATH\Views\users\beranda\index.php(316): CodeIgniter\Debug\Exceptions->errorHandler(2, 'Undefined variable $portfolios', 'C:\\xampp\\htdocs\\lndgpgms\\app\\Views\\users\\beranda\\index.php', 316)
 2 SYSTEMPATH\View\View.php(234): include('C:\\xampp\\htdocs\\lndgpgms\\app\\Views\\users\\beranda\\index.php')
 3 SYSTEMPATH\View\View.php(237): CodeIgniter\View\View->CodeIgniter\View\{closure}()
 4 SYSTEMPATH\Common.php(1171): CodeIgniter\View\View->render('users/beranda/index', [], true)
 5 APPPATH\Controllers\BerandaController.php(12): view('users/beranda/index')
 6 SYSTEMPATH\CodeIgniter.php(933): App\Controllers\BerandaController->index()
 7 SYSTEMPATH\CodeIgniter.php(509): CodeIgniter\CodeIgniter->runController(Object(App\Controllers\BerandaController))
 8 SYSTEMPATH\CodeIgniter.php(355): CodeIgniter\CodeIgniter->handleRequest(null, Object(Config\Cache), false)
 9 SYSTEMPATH\Boot.php(325): CodeIgniter\CodeIgniter->run()
10 SYSTEMPATH\Boot.php(67): CodeIgniter\Boot::runCodeIgniter(Object(CodeIgniter\CodeIgniter))
11 FCPATH\index.php(56): CodeIgniter\Boot::bootWeb(Object(Config\Paths))
12 SYSTEMPATH\rewrite.php(44): require_once('C:\\xampp\\htdocs\\lndgpgms\\public\\index.php')
CRITICAL - 2024-07-08 09:33:47 --> ErrorException: Undefined variable $portfolios
[Method: GET, Route: Beranda]
in APPPATH\Views\users\beranda\index.php on line 316.
 1 APPPATH\Views\users\beranda\index.php(316): CodeIgniter\Debug\Exceptions->errorHandler(2, 'Undefined variable $portfolios', 'C:\\xampp\\htdocs\\lndgpgms\\app\\Views\\users\\beranda\\index.php', 316)
 2 SYSTEMPATH\View\View.php(234): include('C:\\xampp\\htdocs\\lndgpgms\\app\\Views\\users\\beranda\\index.php')
 3 SYSTEMPATH\View\View.php(237): CodeIgniter\View\View->CodeIgniter\View\{closure}()
 4 SYSTEMPATH\Common.php(1171): CodeIgniter\View\View->render('users/beranda/index', [], true)
 5 APPPATH\Controllers\BerandaController.php(12): view('users/beranda/index')
 6 SYSTEMPATH\CodeIgniter.php(933): App\Controllers\BerandaController->index()
 7 SYSTEMPATH\CodeIgniter.php(509): CodeIgniter\CodeIgniter->runController(Object(App\Controllers\BerandaController))
 8 SYSTEMPATH\CodeIgniter.php(355): CodeIgniter\CodeIgniter->handleRequest(null, Object(Config\Cache), false)
 9 SYSTEMPATH\Boot.php(325): CodeIgniter\CodeIgniter->run()
10 SYSTEMPATH\Boot.php(67): CodeIgniter\Boot::runCodeIgniter(Object(CodeIgniter\CodeIgniter))
11 FCPATH\index.php(56): CodeIgniter\Boot::bootWeb(Object(Config\Paths))
12 SYSTEMPATH\rewrite.php(44): require_once('C:\\xampp\\htdocs\\lndgpgms\\public\\index.php')
CRITICAL - 2024-07-08 09:33:48 --> ErrorException: Undefined variable $portfolios
[Method: GET, Route: Beranda]
in APPPATH\Views\users\beranda\index.php on line 316.
 1 APPPATH\Views\users\beranda\index.php(316): CodeIgniter\Debug\Exceptions->errorHandler(2, 'Undefined variable $portfolios', 'C:\\xampp\\htdocs\\lndgpgms\\app\\Views\\users\\beranda\\index.php', 316)
 2 SYSTEMPATH\View\View.php(234): include('C:\\xampp\\htdocs\\lndgpgms\\app\\Views\\users\\beranda\\index.php')
 3 SYSTEMPATH\View\View.php(237): CodeIgniter\View\View->CodeIgniter\View\{closure}()
 4 SYSTEMPATH\Common.php(1171): CodeIgniter\View\View->render('users/beranda/index', [], true)
 5 APPPATH\Controllers\BerandaController.php(12): view('users/beranda/index')
 6 SYSTEMPATH\CodeIgniter.php(933): App\Controllers\BerandaController->index()
 7 SYSTEMPATH\CodeIgniter.php(509): CodeIgniter\CodeIgniter->runController(Object(App\Controllers\BerandaController))
 8 SYSTEMPATH\CodeIgniter.php(355): CodeIgniter\CodeIgniter->handleRequest(null, Object(Config\Cache), false)
 9 SYSTEMPATH\Boot.php(325): CodeIgniter\CodeIgniter->run()
10 SYSTEMPATH\Boot.php(67): CodeIgniter\Boot::runCodeIgniter(Object(CodeIgniter\CodeIgniter))
11 FCPATH\index.php(56): CodeIgniter\Boot::bootWeb(Object(Config\Paths))
12 SYSTEMPATH\rewrite.php(44): require_once('C:\\xampp\\htdocs\\lndgpgms\\public\\index.php')
CRITICAL - 2024-07-08 09:34:38 --> ErrorException: Undefined variable $portfolios
[Method: GET, Route: Beranda]
in APPPATH\Views\users\beranda\index.php on line 316.
 1 APPPATH\Views\users\beranda\index.php(316): CodeIgniter\Debug\Exceptions->errorHandler(2, 'Undefined variable $portfolios', 'C:\\xampp\\htdocs\\lndgpgms\\app\\Views\\users\\beranda\\index.php', 316)
 2 SYSTEMPATH\View\View.php(234): include('C:\\xampp\\htdocs\\lndgpgms\\app\\Views\\users\\beranda\\index.php')
 3 SYSTEMPATH\View\View.php(237): CodeIgniter\View\View->CodeIgniter\View\{closure}()
 4 SYSTEMPATH\Common.php(1171): CodeIgniter\View\View->render('users/beranda/index', [], true)
 5 APPPATH\Controllers\BerandaController.php(12): view('users/beranda/index')
 6 SYSTEMPATH\CodeIgniter.php(933): App\Controllers\BerandaController->index()
 7 SYSTEMPATH\CodeIgniter.php(509): CodeIgniter\CodeIgniter->runController(Object(App\Controllers\BerandaController))
 8 SYSTEMPATH\CodeIgniter.php(355): CodeIgniter\CodeIgniter->handleRequest(null, Object(Config\Cache), false)
 9 SYSTEMPATH\Boot.php(325): CodeIgniter\CodeIgniter->run()
10 SYSTEMPATH\Boot.php(67): CodeIgniter\Boot::runCodeIgniter(Object(CodeIgniter\CodeIgniter))
11 FCPATH\index.php(56): CodeIgniter\Boot::bootWeb(Object(Config\Paths))
12 SYSTEMPATH\rewrite.php(44): require_once('C:\\xampp\\htdocs\\lndgpgms\\public\\index.php')
CRITICAL - 2024-07-08 09:34:38 --> ErrorException: Undefined variable $portfolios
[Method: GET, Route: Beranda]
in APPPATH\Views\users\beranda\index.php on line 316.
 1 APPPATH\Views\users\beranda\index.php(316): CodeIgniter\Debug\Exceptions->errorHandler(2, 'Undefined variable $portfolios', 'C:\\xampp\\htdocs\\lndgpgms\\app\\Views\\users\\beranda\\index.php', 316)
 2 SYSTEMPATH\View\View.php(234): include('C:\\xampp\\htdocs\\lndgpgms\\app\\Views\\users\\beranda\\index.php')
 3 SYSTEMPATH\View\View.php(237): CodeIgniter\View\View->CodeIgniter\View\{closure}()
 4 SYSTEMPATH\Common.php(1171): CodeIgniter\View\View->render('users/beranda/index', [], true)
 5 APPPATH\Controllers\BerandaController.php(12): view('users/beranda/index')
 6 SYSTEMPATH\CodeIgniter.php(933): App\Controllers\BerandaController->index()
 7 SYSTEMPATH\CodeIgniter.php(509): CodeIgniter\CodeIgniter->runController(Object(App\Controllers\BerandaController))
 8 SYSTEMPATH\CodeIgniter.php(355): CodeIgniter\CodeIgniter->handleRequest(null, Object(Config\Cache), false)
 9 SYSTEMPATH\Boot.php(325): CodeIgniter\CodeIgniter->run()
10 SYSTEMPATH\Boot.php(67): CodeIgniter\Boot::runCodeIgniter(Object(CodeIgniter\CodeIgniter))
11 FCPATH\index.php(56): CodeIgniter\Boot::bootWeb(Object(Config\Paths))
12 SYSTEMPATH\rewrite.php(44): require_once('C:\\xampp\\htdocs\\lndgpgms\\public\\index.php')
CRITICAL - 2024-07-08 09:34:38 --> ErrorException: Undefined variable $portfolios
[Method: GET, Route: Beranda]
in APPPATH\Views\users\beranda\index.php on line 316.
 1 APPPATH\Views\users\beranda\index.php(316): CodeIgniter\Debug\Exceptions->errorHandler(2, 'Undefined variable $portfolios', 'C:\\xampp\\htdocs\\lndgpgms\\app\\Views\\users\\beranda\\index.php', 316)
 2 SYSTEMPATH\View\View.php(234): include('C:\\xampp\\htdocs\\lndgpgms\\app\\Views\\users\\beranda\\index.php')
 3 SYSTEMPATH\View\View.php(237): CodeIgniter\View\View->CodeIgniter\View\{closure}()
 4 SYSTEMPATH\Common.php(1171): CodeIgniter\View\View->render('users/beranda/index', [], true)
 5 APPPATH\Controllers\BerandaController.php(12): view('users/beranda/index')
 6 SYSTEMPATH\CodeIgniter.php(933): App\Controllers\BerandaController->index()
 7 SYSTEMPATH\CodeIgniter.php(509): CodeIgniter\CodeIgniter->runController(Object(App\Controllers\BerandaController))
 8 SYSTEMPATH\CodeIgniter.php(355): CodeIgniter\CodeIgniter->handleRequest(null, Object(Config\Cache), false)
 9 SYSTEMPATH\Boot.php(325): CodeIgniter\CodeIgniter->run()
10 SYSTEMPATH\Boot.php(67): CodeIgniter\Boot::runCodeIgniter(Object(CodeIgniter\CodeIgniter))
11 FCPATH\index.php(56): CodeIgniter\Boot::bootWeb(Object(Config\Paths))
12 SYSTEMPATH\rewrite.php(44): require_once('C:\\xampp\\htdocs\\lndgpgms\\public\\index.php')
CRITICAL - 2024-07-08 09:35:59 --> ErrorException: Undefined variable $berandas
[Method: GET, Route: Beranda]
in APPPATH\Views\users\beranda\index.php on line 316.
 1 APPPATH\Views\users\beranda\index.php(316): CodeIgniter\Debug\Exceptions->errorHandler(2, 'Undefined variable $berandas', 'C:\\xampp\\htdocs\\lndgpgms\\app\\Views\\users\\beranda\\index.php', 316)
 2 SYSTEMPATH\View\View.php(234): include('C:\\xampp\\htdocs\\lndgpgms\\app\\Views\\users\\beranda\\index.php')
 3 SYSTEMPATH\View\View.php(237): CodeIgniter\View\View->CodeIgniter\View\{closure}()
 4 SYSTEMPATH\Common.php(1171): CodeIgniter\View\View->render('users/beranda/index', [], true)
 5 APPPATH\Controllers\BerandaController.php(12): view('users/beranda/index')
 6 SYSTEMPATH\CodeIgniter.php(933): App\Controllers\BerandaController->index()
 7 SYSTEMPATH\CodeIgniter.php(509): CodeIgniter\CodeIgniter->runController(Object(App\Controllers\BerandaController))
 8 SYSTEMPATH\CodeIgniter.php(355): CodeIgniter\CodeIgniter->handleRequest(null, Object(Config\Cache), false)
 9 SYSTEMPATH\Boot.php(325): CodeIgniter\CodeIgniter->run()
10 SYSTEMPATH\Boot.php(67): CodeIgniter\Boot::runCodeIgniter(Object(CodeIgniter\CodeIgniter))
11 FCPATH\index.php(56): CodeIgniter\Boot::bootWeb(Object(Config\Paths))
12 SYSTEMPATH\rewrite.php(44): require_once('C:\\xampp\\htdocs\\lndgpgms\\public\\index.php')
CRITICAL - 2024-07-08 09:36:00 --> ErrorException: Undefined variable $berandas
[Method: GET, Route: Beranda]
in APPPATH\Views\users\beranda\index.php on line 316.
 1 APPPATH\Views\users\beranda\index.php(316): CodeIgniter\Debug\Exceptions->errorHandler(2, 'Undefined variable $berandas', 'C:\\xampp\\htdocs\\lndgpgms\\app\\Views\\users\\beranda\\index.php', 316)
 2 SYSTEMPATH\View\View.php(234): include('C:\\xampp\\htdocs\\lndgpgms\\app\\Views\\users\\beranda\\index.php')
 3 SYSTEMPATH\View\View.php(237): CodeIgniter\View\View->CodeIgniter\View\{closure}()
 4 SYSTEMPATH\Common.php(1171): CodeIgniter\View\View->render('users/beranda/index', [], true)
 5 APPPATH\Controllers\BerandaController.php(12): view('users/beranda/index')
 6 SYSTEMPATH\CodeIgniter.php(933): App\Controllers\BerandaController->index()
 7 SYSTEMPATH\CodeIgniter.php(509): CodeIgniter\CodeIgniter->runController(Object(App\Controllers\BerandaController))
 8 SYSTEMPATH\CodeIgniter.php(355): CodeIgniter\CodeIgniter->handleRequest(null, Object(Config\Cache), false)
 9 SYSTEMPATH\Boot.php(325): CodeIgniter\CodeIgniter->run()
10 SYSTEMPATH\Boot.php(67): CodeIgniter\Boot::runCodeIgniter(Object(CodeIgniter\CodeIgniter))
11 FCPATH\index.php(56): CodeIgniter\Boot::bootWeb(Object(Config\Paths))
12 SYSTEMPATH\rewrite.php(44): require_once('C:\\xampp\\htdocs\\lndgpgms\\public\\index.php')
CRITICAL - 2024-07-08 09:36:00 --> ErrorException: Undefined variable $berandas
[Method: GET, Route: Beranda]
in APPPATH\Views\users\beranda\index.php on line 316.
 1 APPPATH\Views\users\beranda\index.php(316): CodeIgniter\Debug\Exceptions->errorHandler(2, 'Undefined variable $berandas', 'C:\\xampp\\htdocs\\lndgpgms\\app\\Views\\users\\beranda\\index.php', 316)
 2 SYSTEMPATH\View\View.php(234): include('C:\\xampp\\htdocs\\lndgpgms\\app\\Views\\users\\beranda\\index.php')
 3 SYSTEMPATH\View\View.php(237): CodeIgniter\View\View->CodeIgniter\View\{closure}()
 4 SYSTEMPATH\Common.php(1171): CodeIgniter\View\View->render('users/beranda/index', [], true)
 5 APPPATH\Controllers\BerandaController.php(12): view('users/beranda/index')
 6 SYSTEMPATH\CodeIgniter.php(933): App\Controllers\BerandaController->index()
 7 SYSTEMPATH\CodeIgniter.php(509): CodeIgniter\CodeIgniter->runController(Object(App\Controllers\BerandaController))
 8 SYSTEMPATH\CodeIgniter.php(355): CodeIgniter\CodeIgniter->handleRequest(null, Object(Config\Cache), false)
 9 SYSTEMPATH\Boot.php(325): CodeIgniter\CodeIgniter->run()
10 SYSTEMPATH\Boot.php(67): CodeIgniter\Boot::runCodeIgniter(Object(CodeIgniter\CodeIgniter))
11 FCPATH\index.php(56): CodeIgniter\Boot::bootWeb(Object(Config\Paths))
12 SYSTEMPATH\rewrite.php(44): require_once('C:\\xampp\\htdocs\\lndgpgms\\public\\index.php')
CRITICAL - 2024-07-08 09:36:00 --> ErrorException: Undefined variable $berandas
[Method: GET, Route: Beranda]
in APPPATH\Views\users\beranda\index.php on line 316.
 1 APPPATH\Views\users\beranda\index.php(316): CodeIgniter\Debug\Exceptions->errorHandler(2, 'Undefined variable $berandas', 'C:\\xampp\\htdocs\\lndgpgms\\app\\Views\\users\\beranda\\index.php', 316)
 2 SYSTEMPATH\View\View.php(234): include('C:\\xampp\\htdocs\\lndgpgms\\app\\Views\\users\\beranda\\index.php')
 3 SYSTEMPATH\View\View.php(237): CodeIgniter\View\View->CodeIgniter\View\{closure}()
 4 SYSTEMPATH\Common.php(1171): CodeIgniter\View\View->render('users/beranda/index', [], true)
 5 APPPATH\Controllers\BerandaController.php(12): view('users/beranda/index')
 6 SYSTEMPATH\CodeIgniter.php(933): App\Controllers\BerandaController->index()
 7 SYSTEMPATH\CodeIgniter.php(509): CodeIgniter\CodeIgniter->runController(Object(App\Controllers\BerandaController))
 8 SYSTEMPATH\CodeIgniter.php(355): CodeIgniter\CodeIgniter->handleRequest(null, Object(Config\Cache), false)
 9 SYSTEMPATH\Boot.php(325): CodeIgniter\CodeIgniter->run()
10 SYSTEMPATH\Boot.php(67): CodeIgniter\Boot::runCodeIgniter(Object(CodeIgniter\CodeIgniter))
11 FCPATH\index.php(56): CodeIgniter\Boot::bootWeb(Object(Config\Paths))
12 SYSTEMPATH\rewrite.php(44): require_once('C:\\xampp\\htdocs\\lndgpgms\\public\\index.php')
CRITICAL - 2024-07-08 09:36:00 --> ErrorException: Undefined variable $berandas
[Method: GET, Route: Beranda]
in APPPATH\Views\users\beranda\index.php on line 316.
 1 APPPATH\Views\users\beranda\index.php(316): CodeIgniter\Debug\Exceptions->errorHandler(2, 'Undefined variable $berandas', 'C:\\xampp\\htdocs\\lndgpgms\\app\\Views\\users\\beranda\\index.php', 316)
 2 SYSTEMPATH\View\View.php(234): include('C:\\xampp\\htdocs\\lndgpgms\\app\\Views\\users\\beranda\\index.php')
 3 SYSTEMPATH\View\View.php(237): CodeIgniter\View\View->CodeIgniter\View\{closure}()
 4 SYSTEMPATH\Common.php(1171): CodeIgniter\View\View->render('users/beranda/index', [], true)
 5 APPPATH\Controllers\BerandaController.php(12): view('users/beranda/index')
 6 SYSTEMPATH\CodeIgniter.php(933): App\Controllers\BerandaController->index()
 7 SYSTEMPATH\CodeIgniter.php(509): CodeIgniter\CodeIgniter->runController(Object(App\Controllers\BerandaController))
 8 SYSTEMPATH\CodeIgniter.php(355): CodeIgniter\CodeIgniter->handleRequest(null, Object(Config\Cache), false)
 9 SYSTEMPATH\Boot.php(325): CodeIgniter\CodeIgniter->run()
10 SYSTEMPATH\Boot.php(67): CodeIgniter\Boot::runCodeIgniter(Object(CodeIgniter\CodeIgniter))
11 FCPATH\index.php(56): CodeIgniter\Boot::bootWeb(Object(Config\Paths))
12 SYSTEMPATH\rewrite.php(44): require_once('C:\\xampp\\htdocs\\lndgpgms\\public\\index.php')
CRITICAL - 2024-07-08 09:36:00 --> ErrorException: Undefined variable $berandas
[Method: GET, Route: Beranda]
in APPPATH\Views\users\beranda\index.php on line 316.
 1 APPPATH\Views\users\beranda\index.php(316): CodeIgniter\Debug\Exceptions->errorHandler(2, 'Undefined variable $berandas', 'C:\\xampp\\htdocs\\lndgpgms\\app\\Views\\users\\beranda\\index.php', 316)
 2 SYSTEMPATH\View\View.php(234): include('C:\\xampp\\htdocs\\lndgpgms\\app\\Views\\users\\beranda\\index.php')
 3 SYSTEMPATH\View\View.php(237): CodeIgniter\View\View->CodeIgniter\View\{closure}()
 4 SYSTEMPATH\Common.php(1171): CodeIgniter\View\View->render('users/beranda/index', [], true)
 5 APPPATH\Controllers\BerandaController.php(12): view('users/beranda/index')
 6 SYSTEMPATH\CodeIgniter.php(933): App\Controllers\BerandaController->index()
 7 SYSTEMPATH\CodeIgniter.php(509): CodeIgniter\CodeIgniter->runController(Object(App\Controllers\BerandaController))
 8 SYSTEMPATH\CodeIgniter.php(355): CodeIgniter\CodeIgniter->handleRequest(null, Object(Config\Cache), false)
 9 SYSTEMPATH\Boot.php(325): CodeIgniter\CodeIgniter->run()
10 SYSTEMPATH\Boot.php(67): CodeIgniter\Boot::runCodeIgniter(Object(CodeIgniter\CodeIgniter))
11 FCPATH\index.php(56): CodeIgniter\Boot::bootWeb(Object(Config\Paths))
12 SYSTEMPATH\rewrite.php(44): require_once('C:\\xampp\\htdocs\\lndgpgms\\public\\index.php')
CRITICAL - 2024-07-08 09:36:00 --> ErrorException: Undefined variable $berandas
[Method: GET, Route: Beranda]
in APPPATH\Views\users\beranda\index.php on line 316.
 1 APPPATH\Views\users\beranda\index.php(316): CodeIgniter\Debug\Exceptions->errorHandler(2, 'Undefined variable $berandas', 'C:\\xampp\\htdocs\\lndgpgms\\app\\Views\\users\\beranda\\index.php', 316)
 2 SYSTEMPATH\View\View.php(234): include('C:\\xampp\\htdocs\\lndgpgms\\app\\Views\\users\\beranda\\index.php')
 3 SYSTEMPATH\View\View.php(237): CodeIgniter\View\View->CodeIgniter\View\{closure}()
 4 SYSTEMPATH\Common.php(1171): CodeIgniter\View\View->render('users/beranda/index', [], true)
 5 APPPATH\Controllers\BerandaController.php(12): view('users/beranda/index')
 6 SYSTEMPATH\CodeIgniter.php(933): App\Controllers\BerandaController->index()
 7 SYSTEMPATH\CodeIgniter.php(509): CodeIgniter\CodeIgniter->runController(Object(App\Controllers\BerandaController))
 8 SYSTEMPATH\CodeIgniter.php(355): CodeIgniter\CodeIgniter->handleRequest(null, Object(Config\Cache), false)
 9 SYSTEMPATH\Boot.php(325): CodeIgniter\CodeIgniter->run()
10 SYSTEMPATH\Boot.php(67): CodeIgniter\Boot::runCodeIgniter(Object(CodeIgniter\CodeIgniter))
11 FCPATH\index.php(56): CodeIgniter\Boot::bootWeb(Object(Config\Paths))
12 SYSTEMPATH\rewrite.php(44): require_once('C:\\xampp\\htdocs\\lndgpgms\\public\\index.php')
CRITICAL - 2024-07-08 09:36:01 --> ErrorException: Undefined variable $berandas
[Method: GET, Route: Beranda]
in APPPATH\Views\users\beranda\index.php on line 316.
 1 APPPATH\Views\users\beranda\index.php(316): CodeIgniter\Debug\Exceptions->errorHandler(2, 'Undefined variable $berandas', 'C:\\xampp\\htdocs\\lndgpgms\\app\\Views\\users\\beranda\\index.php', 316)
 2 SYSTEMPATH\View\View.php(234): include('C:\\xampp\\htdocs\\lndgpgms\\app\\Views\\users\\beranda\\index.php')
 3 SYSTEMPATH\View\View.php(237): CodeIgniter\View\View->CodeIgniter\View\{closure}()
 4 SYSTEMPATH\Common.php(1171): CodeIgniter\View\View->render('users/beranda/index', [], true)
 5 APPPATH\Controllers\BerandaController.php(12): view('users/beranda/index')
 6 SYSTEMPATH\CodeIgniter.php(933): App\Controllers\BerandaController->index()
 7 SYSTEMPATH\CodeIgniter.php(509): CodeIgniter\CodeIgniter->runController(Object(App\Controllers\BerandaController))
 8 SYSTEMPATH\CodeIgniter.php(355): CodeIgniter\CodeIgniter->handleRequest(null, Object(Config\Cache), false)
 9 SYSTEMPATH\Boot.php(325): CodeIgniter\CodeIgniter->run()
10 SYSTEMPATH\Boot.php(67): CodeIgniter\Boot::runCodeIgniter(Object(CodeIgniter\CodeIgniter))
11 FCPATH\index.php(56): CodeIgniter\Boot::bootWeb(Object(Config\Paths))
12 SYSTEMPATH\rewrite.php(44): require_once('C:\\xampp\\htdocs\\lndgpgms\\public\\index.php')
CRITICAL - 2024-07-08 09:37:11 --> ErrorException: Undefined variable $portfolios
[Method: GET, Route: Beranda]
in APPPATH\Views\users\beranda\index.php on line 316.
 1 APPPATH\Views\users\beranda\index.php(316): CodeIgniter\Debug\Exceptions->errorHandler(2, 'Undefined variable $portfolios', 'C:\\xampp\\htdocs\\lndgpgms\\app\\Views\\users\\beranda\\index.php', 316)
 2 SYSTEMPATH\View\View.php(234): include('C:\\xampp\\htdocs\\lndgpgms\\app\\Views\\users\\beranda\\index.php')
 3 SYSTEMPATH\View\View.php(237): CodeIgniter\View\View->CodeIgniter\View\{closure}()
 4 SYSTEMPATH\Common.php(1171): CodeIgniter\View\View->render('users/beranda/index', [], true)
 5 APPPATH\Controllers\BerandaController.php(12): view('users/beranda/index')
 6 SYSTEMPATH\CodeIgniter.php(933): App\Controllers\BerandaController->index()
 7 SYSTEMPATH\CodeIgniter.php(509): CodeIgniter\CodeIgniter->runController(Object(App\Controllers\BerandaController))
 8 SYSTEMPATH\CodeIgniter.php(355): CodeIgniter\CodeIgniter->handleRequest(null, Object(Config\Cache), false)
 9 SYSTEMPATH\Boot.php(325): CodeIgniter\CodeIgniter->run()
10 SYSTEMPATH\Boot.php(67): CodeIgniter\Boot::runCodeIgniter(Object(CodeIgniter\CodeIgniter))
11 FCPATH\index.php(56): CodeIgniter\Boot::bootWeb(Object(Config\Paths))
12 SYSTEMPATH\rewrite.php(44): require_once('C:\\xampp\\htdocs\\lndgpgms\\public\\index.php')
CRITICAL - 2024-07-08 09:37:11 --> ErrorException: Undefined variable $portfolios
[Method: GET, Route: Beranda]
in APPPATH\Views\users\beranda\index.php on line 316.
 1 APPPATH\Views\users\beranda\index.php(316): CodeIgniter\Debug\Exceptions->errorHandler(2, 'Undefined variable $portfolios', 'C:\\xampp\\htdocs\\lndgpgms\\app\\Views\\users\\beranda\\index.php', 316)
 2 SYSTEMPATH\View\View.php(234): include('C:\\xampp\\htdocs\\lndgpgms\\app\\Views\\users\\beranda\\index.php')
 3 SYSTEMPATH\View\View.php(237): CodeIgniter\View\View->CodeIgniter\View\{closure}()
 4 SYSTEMPATH\Common.php(1171): CodeIgniter\View\View->render('users/beranda/index', [], true)
 5 APPPATH\Controllers\BerandaController.php(12): view('users/beranda/index')
 6 SYSTEMPATH\CodeIgniter.php(933): App\Controllers\BerandaController->index()
 7 SYSTEMPATH\CodeIgniter.php(509): CodeIgniter\CodeIgniter->runController(Object(App\Controllers\BerandaController))
 8 SYSTEMPATH\CodeIgniter.php(355): CodeIgniter\CodeIgniter->handleRequest(null, Object(Config\Cache), false)
 9 SYSTEMPATH\Boot.php(325): CodeIgniter\CodeIgniter->run()
10 SYSTEMPATH\Boot.php(67): CodeIgniter\Boot::runCodeIgniter(Object(CodeIgniter\CodeIgniter))
11 FCPATH\index.php(56): CodeIgniter\Boot::bootWeb(Object(Config\Paths))
12 SYSTEMPATH\rewrite.php(44): require_once('C:\\xampp\\htdocs\\lndgpgms\\public\\index.php')
CRITICAL - 2024-07-08 09:37:12 --> ErrorException: Undefined variable $portfolios
[Method: GET, Route: Beranda]
in APPPATH\Views\users\beranda\index.php on line 316.
 1 APPPATH\Views\users\beranda\index.php(316): CodeIgniter\Debug\Exceptions->errorHandler(2, 'Undefined variable $portfolios', 'C:\\xampp\\htdocs\\lndgpgms\\app\\Views\\users\\beranda\\index.php', 316)
 2 SYSTEMPATH\View\View.php(234): include('C:\\xampp\\htdocs\\lndgpgms\\app\\Views\\users\\beranda\\index.php')
 3 SYSTEMPATH\View\View.php(237): CodeIgniter\View\View->CodeIgniter\View\{closure}()
 4 SYSTEMPATH\Common.php(1171): CodeIgniter\View\View->render('users/beranda/index', [], true)
 5 APPPATH\Controllers\BerandaController.php(12): view('users/beranda/index')
 6 SYSTEMPATH\CodeIgniter.php(933): App\Controllers\BerandaController->index()
 7 SYSTEMPATH\CodeIgniter.php(509): CodeIgniter\CodeIgniter->runController(Object(App\Controllers\BerandaController))
 8 SYSTEMPATH\CodeIgniter.php(355): CodeIgniter\CodeIgniter->handleRequest(null, Object(Config\Cache), false)
 9 SYSTEMPATH\Boot.php(325): CodeIgniter\CodeIgniter->run()
10 SYSTEMPATH\Boot.php(67): CodeIgniter\Boot::runCodeIgniter(Object(CodeIgniter\CodeIgniter))
11 FCPATH\index.php(56): CodeIgniter\Boot::bootWeb(Object(Config\Paths))
12 SYSTEMPATH\rewrite.php(44): require_once('C:\\xampp\\htdocs\\lndgpgms\\public\\index.php')
CRITICAL - 2024-07-08 09:37:12 --> ErrorException: Undefined variable $portfolios
[Method: GET, Route: Beranda]
in APPPATH\Views\users\beranda\index.php on line 316.
 1 APPPATH\Views\users\beranda\index.php(316): CodeIgniter\Debug\Exceptions->errorHandler(2, 'Undefined variable $portfolios', 'C:\\xampp\\htdocs\\lndgpgms\\app\\Views\\users\\beranda\\index.php', 316)
 2 SYSTEMPATH\View\View.php(234): include('C:\\xampp\\htdocs\\lndgpgms\\app\\Views\\users\\beranda\\index.php')
 3 SYSTEMPATH\View\View.php(237): CodeIgniter\View\View->CodeIgniter\View\{closure}()
 4 SYSTEMPATH\Common.php(1171): CodeIgniter\View\View->render('users/beranda/index', [], true)
 5 APPPATH\Controllers\BerandaController.php(12): view('users/beranda/index')
 6 SYSTEMPATH\CodeIgniter.php(933): App\Controllers\BerandaController->index()
 7 SYSTEMPATH\CodeIgniter.php(509): CodeIgniter\CodeIgniter->runController(Object(App\Controllers\BerandaController))
 8 SYSTEMPATH\CodeIgniter.php(355): CodeIgniter\CodeIgniter->handleRequest(null, Object(Config\Cache), false)
 9 SYSTEMPATH\Boot.php(325): CodeIgniter\CodeIgniter->run()
10 SYSTEMPATH\Boot.php(67): CodeIgniter\Boot::runCodeIgniter(Object(CodeIgniter\CodeIgniter))
11 FCPATH\index.php(56): CodeIgniter\Boot::bootWeb(Object(Config\Paths))
12 SYSTEMPATH\rewrite.php(44): require_once('C:\\xampp\\htdocs\\lndgpgms\\public\\index.php')
INFO - 2024-07-08 09:39:32 --> Session: Class initialized using 'CodeIgniter\Session\Handlers\FileHandler' driver.
CRITICAL - 2024-07-08 09:39:32 --> ErrorException: Undefined variable $portfolios
[Method: GET, Route: Beranda]
in APPPATH\Views\users\beranda\index.php on line 549.
 1 APPPATH\Views\users\beranda\index.php(549): CodeIgniter\Debug\Exceptions->errorHandler(2, 'Undefined variable $portfolios', 'C:\\xampp\\htdocs\\lndgpgms\\app\\Views\\users\\beranda\\index.php', 549)
 2 SYSTEMPATH\View\View.php(234): include('C:\\xampp\\htdocs\\lndgpgms\\app\\Views\\users\\beranda\\index.php')
 3 SYSTEMPATH\View\View.php(237): CodeIgniter\View\View->CodeIgniter\View\{closure}()
 4 SYSTEMPATH\Common.php(1171): CodeIgniter\View\View->render('users/beranda/index', [], true)
 5 APPPATH\Controllers\BerandaController.php(12): view('users/beranda/index')
 6 SYSTEMPATH\CodeIgniter.php(933): App\Controllers\BerandaController->index()
 7 SYSTEMPATH\CodeIgniter.php(509): CodeIgniter\CodeIgniter->runController(Object(App\Controllers\BerandaController))
 8 SYSTEMPATH\CodeIgniter.php(355): CodeIgniter\CodeIgniter->handleRequest(null, Object(Config\Cache), false)
 9 SYSTEMPATH\Boot.php(325): CodeIgniter\CodeIgniter->run()
10 SYSTEMPATH\Boot.php(67): CodeIgniter\Boot::runCodeIgniter(Object(CodeIgniter\CodeIgniter))
11 FCPATH\index.php(56): CodeIgniter\Boot::bootWeb(Object(Config\Paths))
12 SYSTEMPATH\rewrite.php(44): require_once('C:\\xampp\\htdocs\\lndgpgms\\public\\index.php')
INFO - 2024-07-08 09:39:39 --> Session: Class initialized using 'CodeIgniter\Session\Handlers\FileHandler' driver.
CRITICAL - 2024-07-08 09:39:39 --> ErrorException: Undefined variable $portfolios
[Method: GET, Route: Beranda]
in APPPATH\Views\users\beranda\index.php on line 552.
 1 APPPATH\Views\users\beranda\index.php(552): CodeIgniter\Debug\Exceptions->errorHandler(2, 'Undefined variable $portfolios', 'C:\\xampp\\htdocs\\lndgpgms\\app\\Views\\users\\beranda\\index.php', 552)
 2 SYSTEMPATH\View\View.php(234): include('C:\\xampp\\htdocs\\lndgpgms\\app\\Views\\users\\beranda\\index.php')
 3 SYSTEMPATH\View\View.php(237): CodeIgniter\View\View->CodeIgniter\View\{closure}()
 4 SYSTEMPATH\Common.php(1171): CodeIgniter\View\View->render('users/beranda/index', [], true)
 5 APPPATH\Controllers\BerandaController.php(12): view('users/beranda/index')
 6 SYSTEMPATH\CodeIgniter.php(933): App\Controllers\BerandaController->index()
 7 SYSTEMPATH\CodeIgniter.php(509): CodeIgniter\CodeIgniter->runController(Object(App\Controllers\BerandaController))
 8 SYSTEMPATH\CodeIgniter.php(355): CodeIgniter\CodeIgniter->handleRequest(null, Object(Config\Cache), false)
 9 SYSTEMPATH\Boot.php(325): CodeIgniter\CodeIgniter->run()
10 SYSTEMPATH\Boot.php(67): CodeIgniter\Boot::runCodeIgniter(Object(CodeIgniter\CodeIgniter))
11 FCPATH\index.php(56): CodeIgniter\Boot::bootWeb(Object(Config\Paths))
12 SYSTEMPATH\rewrite.php(44): require_once('C:\\xampp\\htdocs\\lndgpgms\\public\\index.php')
INFO - 2024-07-08 09:39:39 --> Session: Class initialized using 'CodeIgniter\Session\Handlers\FileHandler' driver.
CRITICAL - 2024-07-08 09:39:39 --> ErrorException: Undefined variable $portfolios
[Method: GET, Route: Beranda]
in APPPATH\Views\users\beranda\index.php on line 552.
 1 APPPATH\Views\users\beranda\index.php(552): CodeIgniter\Debug\Exceptions->errorHandler(2, 'Undefined variable $portfolios', 'C:\\xampp\\htdocs\\lndgpgms\\app\\Views\\users\\beranda\\index.php', 552)
 2 SYSTEMPATH\View\View.php(234): include('C:\\xampp\\htdocs\\lndgpgms\\app\\Views\\users\\beranda\\index.php')
 3 SYSTEMPATH\View\View.php(237): CodeIgniter\View\View->CodeIgniter\View\{closure}()
 4 SYSTEMPATH\Common.php(1171): CodeIgniter\View\View->render('users/beranda/index', [], true)
 5 APPPATH\Controllers\BerandaController.php(12): view('users/beranda/index')
 6 SYSTEMPATH\CodeIgniter.php(933): App\Controllers\BerandaController->index()
 7 SYSTEMPATH\CodeIgniter.php(509): CodeIgniter\CodeIgniter->runController(Object(App\Controllers\BerandaController))
 8 SYSTEMPATH\CodeIgniter.php(355): CodeIgniter\CodeIgniter->handleRequest(null, Object(Config\Cache), false)
 9 SYSTEMPATH\Boot.php(325): CodeIgniter\CodeIgniter->run()
10 SYSTEMPATH\Boot.php(67): CodeIgniter\Boot::runCodeIgniter(Object(CodeIgniter\CodeIgniter))
11 FCPATH\index.php(56): CodeIgniter\Boot::bootWeb(Object(Config\Paths))
12 SYSTEMPATH\rewrite.php(44): require_once('C:\\xampp\\htdocs\\lndgpgms\\public\\index.php')
INFO - 2024-07-08 09:39:39 --> Session: Class initialized using 'CodeIgniter\Session\Handlers\FileHandler' driver.
CRITICAL - 2024-07-08 09:39:39 --> ErrorException: Undefined variable $portfolios
[Method: GET, Route: Beranda]
in APPPATH\Views\users\beranda\index.php on line 552.
 1 APPPATH\Views\users\beranda\index.php(552): CodeIgniter\Debug\Exceptions->errorHandler(2, 'Undefined variable $portfolios', 'C:\\xampp\\htdocs\\lndgpgms\\app\\Views\\users\\beranda\\index.php', 552)
 2 SYSTEMPATH\View\View.php(234): include('C:\\xampp\\htdocs\\lndgpgms\\app\\Views\\users\\beranda\\index.php')
 3 SYSTEMPATH\View\View.php(237): CodeIgniter\View\View->CodeIgniter\View\{closure}()
 4 SYSTEMPATH\Common.php(1171): CodeIgniter\View\View->render('users/beranda/index', [], true)
 5 APPPATH\Controllers\BerandaController.php(12): view('users/beranda/index')
 6 SYSTEMPATH\CodeIgniter.php(933): App\Controllers\BerandaController->index()
 7 SYSTEMPATH\CodeIgniter.php(509): CodeIgniter\CodeIgniter->runController(Object(App\Controllers\BerandaController))
 8 SYSTEMPATH\CodeIgniter.php(355): CodeIgniter\CodeIgniter->handleRequest(null, Object(Config\Cache), false)
 9 SYSTEMPATH\Boot.php(325): CodeIgniter\CodeIgniter->run()
10 SYSTEMPATH\Boot.php(67): CodeIgniter\Boot::runCodeIgniter(Object(CodeIgniter\CodeIgniter))
11 FCPATH\index.php(56): CodeIgniter\Boot::bootWeb(Object(Config\Paths))
12 SYSTEMPATH\rewrite.php(44): require_once('C:\\xampp\\htdocs\\lndgpgms\\public\\index.php')
INFO - 2024-07-08 09:39:40 --> Session: Class initialized using 'CodeIgniter\Session\Handlers\FileHandler' driver.
CRITICAL - 2024-07-08 09:39:40 --> ErrorException: Undefined variable $portfolios
[Method: GET, Route: Beranda]
in APPPATH\Views\users\beranda\index.php on line 552.
 1 APPPATH\Views\users\beranda\index.php(552): CodeIgniter\Debug\Exceptions->errorHandler(2, 'Undefined variable $portfolios', 'C:\\xampp\\htdocs\\lndgpgms\\app\\Views\\users\\beranda\\index.php', 552)
 2 SYSTEMPATH\View\View.php(234): include('C:\\xampp\\htdocs\\lndgpgms\\app\\Views\\users\\beranda\\index.php')
 3 SYSTEMPATH\View\View.php(237): CodeIgniter\View\View->CodeIgniter\View\{closure}()
 4 SYSTEMPATH\Common.php(1171): CodeIgniter\View\View->render('users/beranda/index', [], true)
 5 APPPATH\Controllers\BerandaController.php(12): view('users/beranda/index')
 6 SYSTEMPATH\CodeIgniter.php(933): App\Controllers\BerandaController->index()
 7 SYSTEMPATH\CodeIgniter.php(509): CodeIgniter\CodeIgniter->runController(Object(App\Controllers\BerandaController))
 8 SYSTEMPATH\CodeIgniter.php(355): CodeIgniter\CodeIgniter->handleRequest(null, Object(Config\Cache), false)
 9 SYSTEMPATH\Boot.php(325): CodeIgniter\CodeIgniter->run()
10 SYSTEMPATH\Boot.php(67): CodeIgniter\Boot::runCodeIgniter(Object(CodeIgniter\CodeIgniter))
11 FCPATH\index.php(56): CodeIgniter\Boot::bootWeb(Object(Config\Paths))
12 SYSTEMPATH\rewrite.php(44): require_once('C:\\xampp\\htdocs\\lndgpgms\\public\\index.php')
INFO - 2024-07-08 09:39:41 --> Session: Class initialized using 'CodeIgniter\Session\Handlers\FileHandler' driver.
INFO - 2024-07-08 09:39:48 --> Session: Class initialized using 'CodeIgniter\Session\Handlers\FileHandler' driver.
CRITICAL - 2024-07-08 09:39:48 --> ErrorException: Undefined variable $portfolios
[Method: GET, Route: Beranda]
in APPPATH\Views\users\beranda\index.php on line 555.
 1 APPPATH\Views\users\beranda\index.php(555): CodeIgniter\Debug\Exceptions->errorHandler(2, 'Undefined variable $portfolios', 'C:\\xampp\\htdocs\\lndgpgms\\app\\Views\\users\\beranda\\index.php', 555)
 2 SYSTEMPATH\View\View.php(234): include('C:\\xampp\\htdocs\\lndgpgms\\app\\Views\\users\\beranda\\index.php')
 3 SYSTEMPATH\View\View.php(237): CodeIgniter\View\View->CodeIgniter\View\{closure}()
 4 SYSTEMPATH\Common.php(1171): CodeIgniter\View\View->render('users/beranda/index', [], true)
 5 APPPATH\Controllers\BerandaController.php(12): view('users/beranda/index')
 6 SYSTEMPATH\CodeIgniter.php(933): App\Controllers\BerandaController->index()
 7 SYSTEMPATH\CodeIgniter.php(509): CodeIgniter\CodeIgniter->runController(Object(App\Controllers\BerandaController))
 8 SYSTEMPATH\CodeIgniter.php(355): CodeIgniter\CodeIgniter->handleRequest(null, Object(Config\Cache), false)
 9 SYSTEMPATH\Boot.php(325): CodeIgniter\CodeIgniter->run()
10 SYSTEMPATH\Boot.php(67): CodeIgniter\Boot::runCodeIgniter(Object(CodeIgniter\CodeIgniter))
11 FCPATH\index.php(56): CodeIgniter\Boot::bootWeb(Object(Config\Paths))
12 SYSTEMPATH\rewrite.php(44): require_once('C:\\xampp\\htdocs\\lndgpgms\\public\\index.php')
INFO - 2024-07-08 09:40:43 --> Session: Class initialized using 'CodeIgniter\Session\Handlers\FileHandler' driver.
INFO - 2024-07-08 09:40:47 --> Session: Class initialized using 'CodeIgniter\Session\Handlers\FileHandler' driver.
INFO - 2024-07-08 09:40:52 --> Session: Class initialized using 'CodeIgniter\Session\Handlers\FileHandler' driver.
INFO - 2024-07-08 09:41:13 --> Session: Class initialized using 'CodeIgniter\Session\Handlers\FileHandler' driver.
INFO - 2024-07-08 09:41:15 --> Session: Class initialized using 'CodeIgniter\Session\Handlers\FileHandler' driver.
INFO - 2024-07-08 09:43:07 --> Session: Class initialized using 'CodeIgniter\Session\Handlers\FileHandler' driver.
INFO - 2024-07-08 09:43:36 --> Session: Class initialized using 'CodeIgniter\Session\Handlers\FileHandler' driver.
INFO - 2024-07-08 09:43:38 --> Session: Class initialized using 'CodeIgniter\Session\Handlers\FileHandler' driver.
INFO - 2024-07-08 09:43:38 --> Session: Class initialized using 'CodeIgniter\Session\Handlers\FileHandler' driver.
INFO - 2024-07-08 09:44:14 --> Session: Class initialized using 'CodeIgniter\Session\Handlers\FileHandler' driver.
INFO - 2024-07-08 09:45:42 --> Session: Class initialized using 'CodeIgniter\Session\Handlers\FileHandler' driver.
INFO - 2024-07-08 09:45:43 --> Session: Class initialized using 'CodeIgniter\Session\Handlers\FileHandler' driver.
INFO - 2024-07-08 09:45:47 --> Session: Class initialized using 'CodeIgniter\Session\Handlers\FileHandler' driver.
INFO - 2024-07-08 09:46:00 --> Session: Class initialized using 'CodeIgniter\Session\Handlers\FileHandler' driver.
INFO - 2024-07-08 09:46:56 --> Session: Class initialized using 'CodeIgniter\Session\Handlers\FileHandler' driver.
INFO - 2024-07-08 09:46:58 --> Session: Class initialized using 'CodeIgniter\Session\Handlers\FileHandler' driver.
INFO - 2024-07-08 09:50:58 --> Session: Class initialized using 'CodeIgniter\Session\Handlers\FileHandler' driver.
INFO - 2024-07-08 09:51:01 --> Session: Class initialized using 'CodeIgniter\Session\Handlers\FileHandler' driver.
INFO - 2024-07-08 09:53:57 --> Session: Class initialized using 'CodeIgniter\Session\Handlers\FileHandler' driver.
CRITICAL - 2024-07-08 09:57:40 --> ErrorException: Undefined variable $portfolios
[Method: GET, Route: Beranda]
in APPPATH\Views\users\beranda\index.php on line 316.
 1 APPPATH\Views\users\beranda\index.php(316): CodeIgniter\Debug\Exceptions->errorHandler(2, 'Undefined variable $portfolios', 'C:\\xampp\\htdocs\\lndgpgms\\app\\Views\\users\\beranda\\index.php', 316)
 2 SYSTEMPATH\View\View.php(234): include('C:\\xampp\\htdocs\\lndgpgms\\app\\Views\\users\\beranda\\index.php')
 3 SYSTEMPATH\View\View.php(237): CodeIgniter\View\View->CodeIgniter\View\{closure}()
 4 SYSTEMPATH\Common.php(1171): CodeIgniter\View\View->render('users/beranda/index', [], true)
 5 APPPATH\Controllers\BerandaController.php(12): view('users/beranda/index')
 6 SYSTEMPATH\CodeIgniter.php(933): App\Controllers\BerandaController->index()
 7 SYSTEMPATH\CodeIgniter.php(509): CodeIgniter\CodeIgniter->runController(Object(App\Controllers\BerandaController))
 8 SYSTEMPATH\CodeIgniter.php(355): CodeIgniter\CodeIgniter->handleRequest(null, Object(Config\Cache), false)
 9 SYSTEMPATH\Boot.php(325): CodeIgniter\CodeIgniter->run()
10 SYSTEMPATH\Boot.php(67): CodeIgniter\Boot::runCodeIgniter(Object(CodeIgniter\CodeIgniter))
11 FCPATH\index.php(56): CodeIgniter\Boot::bootWeb(Object(Config\Paths))
12 SYSTEMPATH\rewrite.php(44): require_once('C:\\xampp\\htdocs\\lndgpgms\\public\\index.php')
CRITICAL - 2024-07-08 09:57:48 --> ErrorException: Undefined variable $portfolios
[Method: GET, Route: Beranda]
in APPPATH\Views\users\beranda\index.php on line 316.
 1 APPPATH\Views\users\beranda\index.php(316): CodeIgniter\Debug\Exceptions->errorHandler(2, 'Undefined variable $portfolios', 'C:\\xampp\\htdocs\\lndgpgms\\app\\Views\\users\\beranda\\index.php', 316)
 2 SYSTEMPATH\View\View.php(234): include('C:\\xampp\\htdocs\\lndgpgms\\app\\Views\\users\\beranda\\index.php')
 3 SYSTEMPATH\View\View.php(237): CodeIgniter\View\View->CodeIgniter\View\{closure}()
 4 SYSTEMPATH\Common.php(1171): CodeIgniter\View\View->render('users/beranda/index', [], true)
 5 APPPATH\Controllers\BerandaController.php(12): view('users/beranda/index')
 6 SYSTEMPATH\CodeIgniter.php(933): App\Controllers\BerandaController->index()
 7 SYSTEMPATH\CodeIgniter.php(509): CodeIgniter\CodeIgniter->runController(Object(App\Controllers\BerandaController))
 8 SYSTEMPATH\CodeIgniter.php(355): CodeIgniter\CodeIgniter->handleRequest(null, Object(Config\Cache), false)
 9 SYSTEMPATH\Boot.php(325): CodeIgniter\CodeIgniter->run()
10 SYSTEMPATH\Boot.php(67): CodeIgniter\Boot::runCodeIgniter(Object(CodeIgniter\CodeIgniter))
11 FCPATH\index.php(56): CodeIgniter\Boot::bootWeb(Object(Config\Paths))
12 SYSTEMPATH\rewrite.php(44): require_once('C:\\xampp\\htdocs\\lndgpgms\\public\\index.php')
CRITICAL - 2024-07-08 09:57:48 --> ErrorException: Undefined variable $portfolios
[Method: GET, Route: Beranda]
in APPPATH\Views\users\beranda\index.php on line 316.
 1 APPPATH\Views\users\beranda\index.php(316): CodeIgniter\Debug\Exceptions->errorHandler(2, 'Undefined variable $portfolios', 'C:\\xampp\\htdocs\\lndgpgms\\app\\Views\\users\\beranda\\index.php', 316)
 2 SYSTEMPATH\View\View.php(234): include('C:\\xampp\\htdocs\\lndgpgms\\app\\Views\\users\\beranda\\index.php')
 3 SYSTEMPATH\View\View.php(237): CodeIgniter\View\View->CodeIgniter\View\{closure}()
 4 SYSTEMPATH\Common.php(1171): CodeIgniter\View\View->render('users/beranda/index', [], true)
 5 APPPATH\Controllers\BerandaController.php(12): view('users/beranda/index')
 6 SYSTEMPATH\CodeIgniter.php(933): App\Controllers\BerandaController->index()
 7 SYSTEMPATH\CodeIgniter.php(509): CodeIgniter\CodeIgniter->runController(Object(App\Controllers\BerandaController))
 8 SYSTEMPATH\CodeIgniter.php(355): CodeIgniter\CodeIgniter->handleRequest(null, Object(Config\Cache), false)
 9 SYSTEMPATH\Boot.php(325): CodeIgniter\CodeIgniter->run()
10 SYSTEMPATH\Boot.php(67): CodeIgniter\Boot::runCodeIgniter(Object(CodeIgniter\CodeIgniter))
11 FCPATH\index.php(56): CodeIgniter\Boot::bootWeb(Object(Config\Paths))
12 SYSTEMPATH\rewrite.php(44): require_once('C:\\xampp\\htdocs\\lndgpgms\\public\\index.php')
CRITICAL - 2024-07-08 09:57:48 --> ErrorException: Undefined variable $portfolios
[Method: GET, Route: Beranda]
in APPPATH\Views\users\beranda\index.php on line 316.
 1 APPPATH\Views\users\beranda\index.php(316): CodeIgniter\Debug\Exceptions->errorHandler(2, 'Undefined variable $portfolios', 'C:\\xampp\\htdocs\\lndgpgms\\app\\Views\\users\\beranda\\index.php', 316)
 2 SYSTEMPATH\View\View.php(234): include('C:\\xampp\\htdocs\\lndgpgms\\app\\Views\\users\\beranda\\index.php')
 3 SYSTEMPATH\View\View.php(237): CodeIgniter\View\View->CodeIgniter\View\{closure}()
 4 SYSTEMPATH\Common.php(1171): CodeIgniter\View\View->render('users/beranda/index', [], true)
 5 APPPATH\Controllers\BerandaController.php(12): view('users/beranda/index')
 6 SYSTEMPATH\CodeIgniter.php(933): App\Controllers\BerandaController->index()
 7 SYSTEMPATH\CodeIgniter.php(509): CodeIgniter\CodeIgniter->runController(Object(App\Controllers\BerandaController))
 8 SYSTEMPATH\CodeIgniter.php(355): CodeIgniter\CodeIgniter->handleRequest(null, Object(Config\Cache), false)
 9 SYSTEMPATH\Boot.php(325): CodeIgniter\CodeIgniter->run()
10 SYSTEMPATH\Boot.php(67): CodeIgniter\Boot::runCodeIgniter(Object(CodeIgniter\CodeIgniter))
11 FCPATH\index.php(56): CodeIgniter\Boot::bootWeb(Object(Config\Paths))
12 SYSTEMPATH\rewrite.php(44): require_once('C:\\xampp\\htdocs\\lndgpgms\\public\\index.php')
CRITICAL - 2024-07-08 09:58:44 --> ErrorException: Undefined variable $portfolios
[Method: GET, Route: Beranda]
in APPPATH\Views\users\beranda\index.php on line 316.
 1 APPPATH\Views\users\beranda\index.php(316): CodeIgniter\Debug\Exceptions->errorHandler(2, 'Undefined variable $portfolios', 'C:\\xampp\\htdocs\\lndgpgms\\app\\Views\\users\\beranda\\index.php', 316)
 2 SYSTEMPATH\View\View.php(234): include('C:\\xampp\\htdocs\\lndgpgms\\app\\Views\\users\\beranda\\index.php')
 3 SYSTEMPATH\View\View.php(237): CodeIgniter\View\View->CodeIgniter\View\{closure}()
 4 SYSTEMPATH\Common.php(1171): CodeIgniter\View\View->render('users/beranda/index', [], true)
 5 APPPATH\Controllers\BerandaController.php(12): view('users/beranda/index')
 6 SYSTEMPATH\CodeIgniter.php(933): App\Controllers\BerandaController->index()
 7 SYSTEMPATH\CodeIgniter.php(509): CodeIgniter\CodeIgniter->runController(Object(App\Controllers\BerandaController))
 8 SYSTEMPATH\CodeIgniter.php(355): CodeIgniter\CodeIgniter->handleRequest(null, Object(Config\Cache), false)
 9 SYSTEMPATH\Boot.php(325): CodeIgniter\CodeIgniter->run()
10 SYSTEMPATH\Boot.php(67): CodeIgniter\Boot::runCodeIgniter(Object(CodeIgniter\CodeIgniter))
11 FCPATH\index.php(56): CodeIgniter\Boot::bootWeb(Object(Config\Paths))
12 SYSTEMPATH\rewrite.php(44): require_once('C:\\xampp\\htdocs\\lndgpgms\\public\\index.php')
CRITICAL - 2024-07-08 09:58:44 --> ErrorException: Undefined variable $portfolios
[Method: GET, Route: Beranda]
in APPPATH\Views\users\beranda\index.php on line 316.
 1 APPPATH\Views\users\beranda\index.php(316): CodeIgniter\Debug\Exceptions->errorHandler(2, 'Undefined variable $portfolios', 'C:\\xampp\\htdocs\\lndgpgms\\app\\Views\\users\\beranda\\index.php', 316)
 2 SYSTEMPATH\View\View.php(234): include('C:\\xampp\\htdocs\\lndgpgms\\app\\Views\\users\\beranda\\index.php')
 3 SYSTEMPATH\View\View.php(237): CodeIgniter\View\View->CodeIgniter\View\{closure}()
 4 SYSTEMPATH\Common.php(1171): CodeIgniter\View\View->render('users/beranda/index', [], true)
 5 APPPATH\Controllers\BerandaController.php(12): view('users/beranda/index')
 6 SYSTEMPATH\CodeIgniter.php(933): App\Controllers\BerandaController->index()
 7 SYSTEMPATH\CodeIgniter.php(509): CodeIgniter\CodeIgniter->runController(Object(App\Controllers\BerandaController))
 8 SYSTEMPATH\CodeIgniter.php(355): CodeIgniter\CodeIgniter->handleRequest(null, Object(Config\Cache), false)
 9 SYSTEMPATH\Boot.php(325): CodeIgniter\CodeIgniter->run()
10 SYSTEMPATH\Boot.php(67): CodeIgniter\Boot::runCodeIgniter(Object(CodeIgniter\CodeIgniter))
11 FCPATH\index.php(56): CodeIgniter\Boot::bootWeb(Object(Config\Paths))
12 SYSTEMPATH\rewrite.php(44): require_once('C:\\xampp\\htdocs\\lndgpgms\\public\\index.php')
CRITICAL - 2024-07-08 09:58:44 --> ErrorException: Undefined variable $portfolios
[Method: GET, Route: Beranda]
in APPPATH\Views\users\beranda\index.php on line 316.
 1 APPPATH\Views\users\beranda\index.php(316): CodeIgniter\Debug\Exceptions->errorHandler(2, 'Undefined variable $portfolios', 'C:\\xampp\\htdocs\\lndgpgms\\app\\Views\\users\\beranda\\index.php', 316)
 2 SYSTEMPATH\View\View.php(234): include('C:\\xampp\\htdocs\\lndgpgms\\app\\Views\\users\\beranda\\index.php')
 3 SYSTEMPATH\View\View.php(237): CodeIgniter\View\View->CodeIgniter\View\{closure}()
 4 SYSTEMPATH\Common.php(1171): CodeIgniter\View\View->render('users/beranda/index', [], true)
 5 APPPATH\Controllers\BerandaController.php(12): view('users/beranda/index')
 6 SYSTEMPATH\CodeIgniter.php(933): App\Controllers\BerandaController->index()
 7 SYSTEMPATH\CodeIgniter.php(509): CodeIgniter\CodeIgniter->runController(Object(App\Controllers\BerandaController))
 8 SYSTEMPATH\CodeIgniter.php(355): CodeIgniter\CodeIgniter->handleRequest(null, Object(Config\Cache), false)
 9 SYSTEMPATH\Boot.php(325): CodeIgniter\CodeIgniter->run()
10 SYSTEMPATH\Boot.php(67): CodeIgniter\Boot::runCodeIgniter(Object(CodeIgniter\CodeIgniter))
11 FCPATH\index.php(56): CodeIgniter\Boot::bootWeb(Object(Config\Paths))
12 SYSTEMPATH\rewrite.php(44): require_once('C:\\xampp\\htdocs\\lndgpgms\\public\\index.php')
CRITICAL - 2024-07-08 09:59:16 --> ErrorException: Undefined variable $portfolios
[Method: GET, Route: Beranda]
in APPPATH\Views\users\beranda\index.php on line 316.
 1 APPPATH\Views\users\beranda\index.php(316): CodeIgniter\Debug\Exceptions->errorHandler(2, 'Undefined variable $portfolios', 'C:\\xampp\\htdocs\\lndgpgms\\app\\Views\\users\\beranda\\index.php', 316)
 2 SYSTEMPATH\View\View.php(234): include('C:\\xampp\\htdocs\\lndgpgms\\app\\Views\\users\\beranda\\index.php')
 3 SYSTEMPATH\View\View.php(237): CodeIgniter\View\View->CodeIgniter\View\{closure}()
 4 SYSTEMPATH\Common.php(1171): CodeIgniter\View\View->render('users/beranda/index', [], true)
 5 APPPATH\Controllers\BerandaController.php(12): view('users/beranda/index')
 6 SYSTEMPATH\CodeIgniter.php(933): App\Controllers\BerandaController->index()
 7 SYSTEMPATH\CodeIgniter.php(509): CodeIgniter\CodeIgniter->runController(Object(App\Controllers\BerandaController))
 8 SYSTEMPATH\CodeIgniter.php(355): CodeIgniter\CodeIgniter->handleRequest(null, Object(Config\Cache), false)
 9 SYSTEMPATH\Boot.php(325): CodeIgniter\CodeIgniter->run()
10 SYSTEMPATH\Boot.php(67): CodeIgniter\Boot::runCodeIgniter(Object(CodeIgniter\CodeIgniter))
11 FCPATH\index.php(56): CodeIgniter\Boot::bootWeb(Object(Config\Paths))
12 SYSTEMPATH\rewrite.php(44): require_once('C:\\xampp\\htdocs\\lndgpgms\\public\\index.php')
CRITICAL - 2024-07-08 09:59:17 --> ErrorException: Undefined variable $portfolios
[Method: GET, Route: Beranda]
in APPPATH\Views\users\beranda\index.php on line 316.
 1 APPPATH\Views\users\beranda\index.php(316): CodeIgniter\Debug\Exceptions->errorHandler(2, 'Undefined variable $portfolios', 'C:\\xampp\\htdocs\\lndgpgms\\app\\Views\\users\\beranda\\index.php', 316)
 2 SYSTEMPATH\View\View.php(234): include('C:\\xampp\\htdocs\\lndgpgms\\app\\Views\\users\\beranda\\index.php')
 3 SYSTEMPATH\View\View.php(237): CodeIgniter\View\View->CodeIgniter\View\{closure}()
 4 SYSTEMPATH\Common.php(1171): CodeIgniter\View\View->render('users/beranda/index', [], true)
 5 APPPATH\Controllers\BerandaController.php(12): view('users/beranda/index')
 6 SYSTEMPATH\CodeIgniter.php(933): App\Controllers\BerandaController->index()
 7 SYSTEMPATH\CodeIgniter.php(509): CodeIgniter\CodeIgniter->runController(Object(App\Controllers\BerandaController))
 8 SYSTEMPATH\CodeIgniter.php(355): CodeIgniter\CodeIgniter->handleRequest(null, Object(Config\Cache), false)
 9 SYSTEMPATH\Boot.php(325): CodeIgniter\CodeIgniter->run()
10 SYSTEMPATH\Boot.php(67): CodeIgniter\Boot::runCodeIgniter(Object(CodeIgniter\CodeIgniter))
11 FCPATH\index.php(56): CodeIgniter\Boot::bootWeb(Object(Config\Paths))
12 SYSTEMPATH\rewrite.php(44): require_once('C:\\xampp\\htdocs\\lndgpgms\\public\\index.php')
CRITICAL - 2024-07-08 09:59:17 --> ErrorException: Undefined variable $portfolios
[Method: GET, Route: Beranda]
in APPPATH\Views\users\beranda\index.php on line 316.
 1 APPPATH\Views\users\beranda\index.php(316): CodeIgniter\Debug\Exceptions->errorHandler(2, 'Undefined variable $portfolios', 'C:\\xampp\\htdocs\\lndgpgms\\app\\Views\\users\\beranda\\index.php', 316)
 2 SYSTEMPATH\View\View.php(234): include('C:\\xampp\\htdocs\\lndgpgms\\app\\Views\\users\\beranda\\index.php')
 3 SYSTEMPATH\View\View.php(237): CodeIgniter\View\View->CodeIgniter\View\{closure}()
 4 SYSTEMPATH\Common.php(1171): CodeIgniter\View\View->render('users/beranda/index', [], true)
 5 APPPATH\Controllers\BerandaController.php(12): view('users/beranda/index')
 6 SYSTEMPATH\CodeIgniter.php(933): App\Controllers\BerandaController->index()
 7 SYSTEMPATH\CodeIgniter.php(509): CodeIgniter\CodeIgniter->runController(Object(App\Controllers\BerandaController))
 8 SYSTEMPATH\CodeIgniter.php(355): CodeIgniter\CodeIgniter->handleRequest(null, Object(Config\Cache), false)
 9 SYSTEMPATH\Boot.php(325): CodeIgniter\CodeIgniter->run()
10 SYSTEMPATH\Boot.php(67): CodeIgniter\Boot::runCodeIgniter(Object(CodeIgniter\CodeIgniter))
11 FCPATH\index.php(56): CodeIgniter\Boot::bootWeb(Object(Config\Paths))
12 SYSTEMPATH\rewrite.php(44): require_once('C:\\xampp\\htdocs\\lndgpgms\\public\\index.php')
CRITICAL - 2024-07-08 10:00:12 --> ErrorException: Undefined variable $portfolios
[Method: GET, Route: Beranda]
in APPPATH\Views\users\beranda\index.php on line 316.
 1 APPPATH\Views\users\beranda\index.php(316): CodeIgniter\Debug\Exceptions->errorHandler(2, 'Undefined variable $portfolios', 'C:\\xampp\\htdocs\\lndgpgms\\app\\Views\\users\\beranda\\index.php', 316)
 2 SYSTEMPATH\View\View.php(234): include('C:\\xampp\\htdocs\\lndgpgms\\app\\Views\\users\\beranda\\index.php')
 3 SYSTEMPATH\View\View.php(237): CodeIgniter\View\View->CodeIgniter\View\{closure}()
 4 SYSTEMPATH\Common.php(1171): CodeIgniter\View\View->render('users/beranda/index', [], true)
 5 APPPATH\Controllers\BerandaController.php(12): view('users/beranda/index')
 6 SYSTEMPATH\CodeIgniter.php(933): App\Controllers\BerandaController->index()
 7 SYSTEMPATH\CodeIgniter.php(509): CodeIgniter\CodeIgniter->runController(Object(App\Controllers\BerandaController))
 8 SYSTEMPATH\CodeIgniter.php(355): CodeIgniter\CodeIgniter->handleRequest(null, Object(Config\Cache), false)
 9 SYSTEMPATH\Boot.php(325): CodeIgniter\CodeIgniter->run()
10 SYSTEMPATH\Boot.php(67): CodeIgniter\Boot::runCodeIgniter(Object(CodeIgniter\CodeIgniter))
11 FCPATH\index.php(56): CodeIgniter\Boot::bootWeb(Object(Config\Paths))
12 SYSTEMPATH\rewrite.php(44): require_once('C:\\xampp\\htdocs\\lndgpgms\\public\\index.php')
CRITICAL - 2024-07-08 10:00:13 --> ErrorException: Undefined variable $portfolios
[Method: GET, Route: Beranda]
in APPPATH\Views\users\beranda\index.php on line 316.
 1 APPPATH\Views\users\beranda\index.php(316): CodeIgniter\Debug\Exceptions->errorHandler(2, 'Undefined variable $portfolios', 'C:\\xampp\\htdocs\\lndgpgms\\app\\Views\\users\\beranda\\index.php', 316)
 2 SYSTEMPATH\View\View.php(234): include('C:\\xampp\\htdocs\\lndgpgms\\app\\Views\\users\\beranda\\index.php')
 3 SYSTEMPATH\View\View.php(237): CodeIgniter\View\View->CodeIgniter\View\{closure}()
 4 SYSTEMPATH\Common.php(1171): CodeIgniter\View\View->render('users/beranda/index', [], true)
 5 APPPATH\Controllers\BerandaController.php(12): view('users/beranda/index')
 6 SYSTEMPATH\CodeIgniter.php(933): App\Controllers\BerandaController->index()
 7 SYSTEMPATH\CodeIgniter.php(509): CodeIgniter\CodeIgniter->runController(Object(App\Controllers\BerandaController))
 8 SYSTEMPATH\CodeIgniter.php(355): CodeIgniter\CodeIgniter->handleRequest(null, Object(Config\Cache), false)
 9 SYSTEMPATH\Boot.php(325): CodeIgniter\CodeIgniter->run()
10 SYSTEMPATH\Boot.php(67): CodeIgniter\Boot::runCodeIgniter(Object(CodeIgniter\CodeIgniter))
11 FCPATH\index.php(56): CodeIgniter\Boot::bootWeb(Object(Config\Paths))
12 SYSTEMPATH\rewrite.php(44): require_once('C:\\xampp\\htdocs\\lndgpgms\\public\\index.php')
CRITICAL - 2024-07-08 10:00:13 --> ErrorException: Undefined variable $portfolios
[Method: GET, Route: Beranda]
in APPPATH\Views\users\beranda\index.php on line 316.
 1 APPPATH\Views\users\beranda\index.php(316): CodeIgniter\Debug\Exceptions->errorHandler(2, 'Undefined variable $portfolios', 'C:\\xampp\\htdocs\\lndgpgms\\app\\Views\\users\\beranda\\index.php', 316)
 2 SYSTEMPATH\View\View.php(234): include('C:\\xampp\\htdocs\\lndgpgms\\app\\Views\\users\\beranda\\index.php')
 3 SYSTEMPATH\View\View.php(237): CodeIgniter\View\View->CodeIgniter\View\{closure}()
 4 SYSTEMPATH\Common.php(1171): CodeIgniter\View\View->render('users/beranda/index', [], true)
 5 APPPATH\Controllers\BerandaController.php(12): view('users/beranda/index')
 6 SYSTEMPATH\CodeIgniter.php(933): App\Controllers\BerandaController->index()
 7 SYSTEMPATH\CodeIgniter.php(509): CodeIgniter\CodeIgniter->runController(Object(App\Controllers\BerandaController))
 8 SYSTEMPATH\CodeIgniter.php(355): CodeIgniter\CodeIgniter->handleRequest(null, Object(Config\Cache), false)
 9 SYSTEMPATH\Boot.php(325): CodeIgniter\CodeIgniter->run()
10 SYSTEMPATH\Boot.php(67): CodeIgniter\Boot::runCodeIgniter(Object(CodeIgniter\CodeIgniter))
11 FCPATH\index.php(56): CodeIgniter\Boot::bootWeb(Object(Config\Paths))
12 SYSTEMPATH\rewrite.php(44): require_once('C:\\xampp\\htdocs\\lndgpgms\\public\\index.php')
INFO - 2024-07-08 10:04:29 --> Session: Class initialized using 'CodeIgniter\Session\Handlers\FileHandler' driver.
