INFO - 2024-07-24 09:34:18 --> Session: Class initialized using 'CodeIgniter\Session\Handlers\FileHandler' driver.
ERROR - 2024-07-24 09:38:59 --> Email: Unable to send email using SMTP. Your server might not be configured to send mail using this method.
ERROR - 2024-07-24 09:38:59 --> 220 smtp.gmail.com ESMTP 98e67ed59e1d1-2cdb74c193bsm1148045a91.54 - gsmtp

hello: 250-smtp.gmail.com at your service, [2001:448a:4042:3723:a83d:fe:5ddf:ae14]
250-SIZE 35882577
250-8BITMIME
250-STARTTLS
250-ENHANCEDSTATUSCODES
250-PIPELINING
250-CHUNKING
250 SMTPUTF8

Failed to send AUTH LOGIN command. Error: 530-5.7.0 Must issue a STARTTLS command first. For more information, go to
530-5.7.0  https://support.google.com/a/answer/3221692 and review RFC 3207
530 5.7.0 specifications. 98e67ed59e1d1-2cdb74c193bsm1148045a91.54 - gsmtp

ERROR - 2024-07-24 09:38:59 --> Email gagal dikirim: 220 smtp.gmail.com ESMTP 98e67ed59e1d1-2cdb74c193bsm1148045a91.54 - gsmtp
<br><pre>hello: 250-smtp.gmail.com at your service, [2001:448a:4042:3723:a83d:fe:5ddf:ae14]
250-SIZE 35882577
250-8BITMIME
250-STARTTLS
250-ENHANCEDSTATUSCODES
250-PIPELINING
250-CHUNKING
250 SMTPUTF8
</pre>Failed to send AUTH LOGIN command. Error: 530-5.7.0 Must issue a STARTTLS command first. For more information, go to
530-5.7.0  https://support.google.com/a/answer/3221692 and review RFC 3207
530 5.7.0 specifications. 98e67ed59e1d1-2cdb74c193bsm1148045a91.54 - gsmtp
<br>Unable to send email using SMTP. Your server might not be configured to send mail using this method.<br><pre>Date: Wed, 24 Jul 2024 09:38:58 +0000
From: &quot;Mesa&quot; &lt;mesab520@gmail.com&gt;
Return-Path: &lt;mesab520@gmail.com&gt;
To: mesab520@gmail.com
Subject: =?UTF-8?Q?halo?=
Reply-To: &lt;mesab520@gmail.com&gt;
User-Agent: CodeIgniter
X-Sender: mesab520@gmail.com
X-Mailer: CodeIgniter
X-Priority: 3 (Normal)
Message-ID: &lt;66a0cbb28f20a7.64486514@gmail.com&gt;
Mime-Version: 1.0


Content-Type: multipart/alternative; boundary=&quot;B_ALT_66a0cbb28f2331.23758239&quot;

This is a multi-part message in MIME format.
Your email application may not support this format.

--B_ALT_66a0cbb28f2331.23758239
Content-Type: text/plain; charset=UTF-8
Content-Transfer-Encoding: 8bit

Nama: MesaEmail: advokasisimpleadvokasi@gmail.comPesan: aa


--B_ALT_66a0cbb28f2331.23758239
Content-Type: text/html; charset=UTF-8
Content-Transfer-Encoding: quoted-printable

Nama: Mesa&lt;br&gt;Email: advokasisimpleadvokasi@gmail.com&lt;br&gt;Pesan: &lt;br&gt;aa

--B_ALT_66a0cbb28f2331.23758239--</pre>
INFO - 2024-07-24 09:38:59 --> Session: Class initialized using 'CodeIgniter\Session\Handlers\FileHandler' driver.
ERROR - 2024-07-24 09:39:00 --> Email: Unable to send email using SMTP. Your server might not be configured to send mail using this method.
ERROR - 2024-07-24 09:39:00 --> 220 smtp.gmail.com ESMTP d9443c01a7336-1fd6f457c6asm89886025ad.242 - gsmtp

hello: 250-smtp.gmail.com at your service, [2001:448a:4042:3723:a83d:fe:5ddf:ae14]
250-SIZE 35882577
250-8BITMIME
250-STARTTLS
250-ENHANCEDSTATUSCODES
250-PIPELINING
250-CHUNKING
250 SMTPUTF8

Failed to send AUTH LOGIN command. Error: 530-5.7.0 Must issue a STARTTLS command first. For more information, go to
530-5.7.0  https://support.google.com/a/answer/3221692 and review RFC 3207
530 5.7.0 specifications. d9443c01a7336-1fd6f457c6asm89886025ad.242 - gsmtp

ERROR - 2024-07-24 09:39:00 --> Email gagal dikirim: 220 smtp.gmail.com ESMTP d9443c01a7336-1fd6f457c6asm89886025ad.242 - gsmtp
<br><pre>hello: 250-smtp.gmail.com at your service, [2001:448a:4042:3723:a83d:fe:5ddf:ae14]
250-SIZE 35882577
250-8BITMIME
250-STARTTLS
250-ENHANCEDSTATUSCODES
250-PIPELINING
250-CHUNKING
250 SMTPUTF8
</pre>Failed to send AUTH LOGIN command. Error: 530-5.7.0 Must issue a STARTTLS command first. For more information, go to
530-5.7.0  https://support.google.com/a/answer/3221692 and review RFC 3207
530 5.7.0 specifications. d9443c01a7336-1fd6f457c6asm89886025ad.242 - gsmtp
<br>Unable to send email using SMTP. Your server might not be configured to send mail using this method.<br><pre>Date: Wed, 24 Jul 2024 09:38:59 +0000
From: &quot;Mesa&quot; &lt;mesab520@gmail.com&gt;
Return-Path: &lt;mesab520@gmail.com&gt;
To: mesab520@gmail.com
Subject: =?UTF-8?Q?halo?=
Reply-To: &lt;mesab520@gmail.com&gt;
User-Agent: CodeIgniter
X-Sender: mesab520@gmail.com
X-Mailer: CodeIgniter
X-Priority: 3 (Normal)
Message-ID: &lt;66a0cbb3dff098.47397469@gmail.com&gt;
Mime-Version: 1.0


Content-Type: multipart/alternative; boundary=&quot;B_ALT_66a0cbb3dff271.41401115&quot;

This is a multi-part message in MIME format.
Your email application may not support this format.

--B_ALT_66a0cbb3dff271.41401115
Content-Type: text/plain; charset=UTF-8
Content-Transfer-Encoding: 8bit

Nama: MesaEmail: advokasisimpleadvokasi@gmail.comPesan: aa


--B_ALT_66a0cbb3dff271.41401115
Content-Type: text/html; charset=UTF-8
Content-Transfer-Encoding: quoted-printable

Nama: Mesa&lt;br&gt;Email: advokasisimpleadvokasi@gmail.com&lt;br&gt;Pesan: &lt;br&gt;aa

--B_ALT_66a0cbb3dff271.41401115--</pre>
INFO - 2024-07-24 09:39:00 --> Session: Class initialized using 'CodeIgniter\Session\Handlers\FileHandler' driver.
ERROR - 2024-07-24 09:59:41 --> Email: Unable to send email using SMTP. Your server might not be configured to send mail using this method.
ERROR - 2024-07-24 09:59:41 --> 220 smtp.gmail.com ESMTP d9443c01a7336-1fd6f4479a1sm90028565ad.207 - gsmtp

hello: 250-smtp.gmail.com at your service, [2001:448a:4042:3723:a83d:fe:5ddf:ae14]
250-SIZE 35882577
250-8BITMIME
250-STARTTLS
250-ENHANCEDSTATUSCODES
250-PIPELINING
250-CHUNKING
250 SMTPUTF8

Failed to send AUTH LOGIN command. Error: 530-5.7.0 Must issue a STARTTLS command first. For more information, go to
530-5.7.0  https://support.google.com/a/answer/3221692 and review RFC 3207
530 5.7.0 specifications. d9443c01a7336-1fd6f4479a1sm90028565ad.207 - gsmtp

ERROR - 2024-07-24 09:59:41 --> Email gagal dikirim: 220 smtp.gmail.com ESMTP d9443c01a7336-1fd6f4479a1sm90028565ad.207 - gsmtp
<br><pre>hello: 250-smtp.gmail.com at your service, [2001:448a:4042:3723:a83d:fe:5ddf:ae14]
250-SIZE 35882577
250-8BITMIME
250-STARTTLS
250-ENHANCEDSTATUSCODES
250-PIPELINING
250-CHUNKING
250 SMTPUTF8
</pre>Failed to send AUTH LOGIN command. Error: 530-5.7.0 Must issue a STARTTLS command first. For more information, go to
530-5.7.0  https://support.google.com/a/answer/3221692 and review RFC 3207
530 5.7.0 specifications. d9443c01a7336-1fd6f4479a1sm90028565ad.207 - gsmtp
<br>Unable to send email using SMTP. Your server might not be configured to send mail using this method.<br><pre>Date: Wed, 24 Jul 2024 09:59:40 +0000
From: &quot;Mesa&quot; &lt;mesab520@gmail.com&gt;
Return-Path: &lt;mesab520@gmail.com&gt;
To: mesab520@gmail.com
Subject: =?UTF-8?Q?aaaaa?=
Reply-To: &lt;mesab520@gmail.com&gt;
User-Agent: CodeIgniter
X-Sender: mesab520@gmail.com
X-Mailer: CodeIgniter
X-Priority: 3 (Normal)
Message-ID: &lt;66a0d08cef67d4.25103871@gmail.com&gt;
Mime-Version: 1.0


Content-Type: multipart/alternative; boundary=&quot;B_ALT_66a0d08cef69a8.12471335&quot;

This is a multi-part message in MIME format.
Your email application may not support this format.

--B_ALT_66a0d08cef69a8.12471335
Content-Type: text/plain; charset=UTF-8
Content-Transfer-Encoding: 8bit

Nama: mesaEmail: advokasisimpleadvokasi@gmail.comPesan: aaa


--B_ALT_66a0d08cef69a8.12471335
Content-Type: text/html; charset=UTF-8
Content-Transfer-Encoding: quoted-printable

Nama: mesa&lt;br&gt;Email: advokasisimpleadvokasi@gmail.com&lt;br&gt;Pesan: &lt;br&gt;aaa

--B_ALT_66a0d08cef69a8.12471335--</pre>
INFO - 2024-07-24 09:59:42 --> Session: Class initialized using 'CodeIgniter\Session\Handlers\FileHandler' driver.
ERROR - 2024-07-24 09:59:43 --> Email: Unable to send email using SMTP. Your server might not be configured to send mail using this method.
ERROR - 2024-07-24 09:59:43 --> 220 smtp.gmail.com ESMTP 41be03b00d2f7-79f0a3dee64sm7623734a12.15 - gsmtp

hello: 250-smtp.gmail.com at your service, [2001:448a:4042:3723:a83d:fe:5ddf:ae14]
250-SIZE 35882577
250-8BITMIME
250-STARTTLS
250-ENHANCEDSTATUSCODES
250-PIPELINING
250-CHUNKING
250 SMTPUTF8

Failed to send AUTH LOGIN command. Error: 530-5.7.0 Must issue a STARTTLS command first. For more information, go to
530-5.7.0  https://support.google.com/a/answer/3221692 and review RFC 3207
530 5.7.0 specifications. 41be03b00d2f7-79f0a3dee64sm7623734a12.15 - gsmtp

ERROR - 2024-07-24 09:59:43 --> Email gagal dikirim: 220 smtp.gmail.com ESMTP 41be03b00d2f7-79f0a3dee64sm7623734a12.15 - gsmtp
<br><pre>hello: 250-smtp.gmail.com at your service, [2001:448a:4042:3723:a83d:fe:5ddf:ae14]
250-SIZE 35882577
250-8BITMIME
250-STARTTLS
250-ENHANCEDSTATUSCODES
250-PIPELINING
250-CHUNKING
250 SMTPUTF8
</pre>Failed to send AUTH LOGIN command. Error: 530-5.7.0 Must issue a STARTTLS command first. For more information, go to
530-5.7.0  https://support.google.com/a/answer/3221692 and review RFC 3207
530 5.7.0 specifications. 41be03b00d2f7-79f0a3dee64sm7623734a12.15 - gsmtp
<br>Unable to send email using SMTP. Your server might not be configured to send mail using this method.<br><pre>Date: Wed, 24 Jul 2024 09:59:42 +0000
From: &quot;Mesa&quot; &lt;mesab520@gmail.com&gt;
Return-Path: &lt;mesab520@gmail.com&gt;
To: mesab520@gmail.com
Subject: =?UTF-8?Q?aaaaa?=
Reply-To: &lt;mesab520@gmail.com&gt;
User-Agent: CodeIgniter
X-Sender: mesab520@gmail.com
X-Mailer: CodeIgniter
X-Priority: 3 (Normal)
Message-ID: &lt;66a0d08e8df9e7.66418129@gmail.com&gt;
Mime-Version: 1.0


Content-Type: multipart/alternative; boundary=&quot;B_ALT_66a0d08e8dfb98.67371567&quot;

This is a multi-part message in MIME format.
Your email application may not support this format.

--B_ALT_66a0d08e8dfb98.67371567
Content-Type: text/plain; charset=UTF-8
Content-Transfer-Encoding: 8bit

Nama: mesaEmail: advokasisimpleadvokasi@gmail.comPesan: aaa


--B_ALT_66a0d08e8dfb98.67371567
Content-Type: text/html; charset=UTF-8
Content-Transfer-Encoding: quoted-printable

Nama: mesa&lt;br&gt;Email: advokasisimpleadvokasi@gmail.com&lt;br&gt;Pesan: &lt;br&gt;aaa

--B_ALT_66a0d08e8dfb98.67371567--</pre>
INFO - 2024-07-24 09:59:43 --> Session: Class initialized using 'CodeIgniter\Session\Handlers\FileHandler' driver.
INFO - 2024-07-24 12:33:26 --> Session: Class initialized using 'CodeIgniter\Session\Handlers\FileHandler' driver.
INFO - 2024-07-24 12:33:34 --> Session: Class initialized using 'CodeIgniter\Session\Handlers\FileHandler' driver.
INFO - 2024-07-24 12:33:34 --> Session: Class initialized using 'CodeIgniter\Session\Handlers\FileHandler' driver.
INFO - 2024-07-24 12:36:58 --> Session: Class initialized using 'CodeIgniter\Session\Handlers\FileHandler' driver.
INFO - 2024-07-24 12:37:02 --> Session: Class initialized using 'CodeIgniter\Session\Handlers\FileHandler' driver.
INFO - 2024-07-24 12:56:28 --> Session: Class initialized using 'CodeIgniter\Session\Handlers\FileHandler' driver.
INFO - 2024-07-24 12:56:29 --> Session: Class initialized using 'CodeIgniter\Session\Handlers\FileHandler' driver.
INFO - 2024-07-24 13:03:19 --> Session: Class initialized using 'CodeIgniter\Session\Handlers\FileHandler' driver.
INFO - 2024-07-24 13:05:10 --> Session: Class initialized using 'CodeIgniter\Session\Handlers\FileHandler' driver.
INFO - 2024-07-24 13:05:12 --> Session: Class initialized using 'CodeIgniter\Session\Handlers\FileHandler' driver.
INFO - 2024-07-24 13:05:15 --> Session: Class initialized using 'CodeIgniter\Session\Handlers\FileHandler' driver.
INFO - 2024-07-24 13:06:22 --> Session: Class initialized using 'CodeIgniter\Session\Handlers\FileHandler' driver.
INFO - 2024-07-24 13:08:17 --> Session: Class initialized using 'CodeIgniter\Session\Handlers\FileHandler' driver.
INFO - 2024-07-24 13:10:16 --> Session: Class initialized using 'CodeIgniter\Session\Handlers\FileHandler' driver.
INFO - 2024-07-24 13:10:19 --> Session: Class initialized using 'CodeIgniter\Session\Handlers\FileHandler' driver.
INFO - 2024-07-24 13:11:11 --> Session: Class initialized using 'CodeIgniter\Session\Handlers\FileHandler' driver.
INFO - 2024-07-24 13:11:13 --> Session: Class initialized using 'CodeIgniter\Session\Handlers\FileHandler' driver.
INFO - 2024-07-24 13:11:14 --> Session: Class initialized using 'CodeIgniter\Session\Handlers\FileHandler' driver.
INFO - 2024-07-24 13:11:14 --> Session: Class initialized using 'CodeIgniter\Session\Handlers\FileHandler' driver.
INFO - 2024-07-24 13:11:15 --> Session: Class initialized using 'CodeIgniter\Session\Handlers\FileHandler' driver.
INFO - 2024-07-24 13:11:16 --> Session: Class initialized using 'CodeIgniter\Session\Handlers\FileHandler' driver.
INFO - 2024-07-24 13:14:52 --> Session: Class initialized using 'CodeIgniter\Session\Handlers\FileHandler' driver.
INFO - 2024-07-24 13:15:02 --> Session: Class initialized using 'CodeIgniter\Session\Handlers\FileHandler' driver.
INFO - 2024-07-24 13:15:12 --> Session: Class initialized using 'CodeIgniter\Session\Handlers\FileHandler' driver.
INFO - 2024-07-24 13:17:44 --> Session: Class initialized using 'CodeIgniter\Session\Handlers\FileHandler' driver.
INFO - 2024-07-24 13:19:33 --> Session: Class initialized using 'CodeIgniter\Session\Handlers\FileHandler' driver.
